<?xml version="1.0" encoding="UTF-8"?>
<testsuites>
  <testsuite name="" tests="145" assertions="197" errors="0" warnings="0" failures="0" skipped="0" time="1.231680">
    <testsuite name="Project Test Suite" tests="145" assertions="197" errors="0" warnings="0" failures="0" skipped="0" time="1.231680">
      <testsuite name="App\Card\CardGraphicTest" file="/home/kb/dbwebb-kurser/mvc/me/report/tests/Card/CardGraphicTest.php" tests="5" assertions="21" errors="0" warnings="0" failures="0" skipped="0" time="0.008438">
        <testcase name="testcardAsString" class="App\Card\CardGraphicTest" classname="App.Card.CardGraphicTest" file="/home/kb/dbwebb-kurser/mvc/me/report/tests/Card/CardGraphicTest.php" line="15" assertions="1" time="0.006707"/>
        <testcase name="testGetGraphicSuit" class="App\Card\CardGraphicTest" classname="App.Card.CardGraphicTest" file="/home/kb/dbwebb-kurser/mvc/me/report/tests/Card/CardGraphicTest.php" line="25" assertions="5" time="0.000375"/>
        <testcase name="testGetGraphicSuitEquals" class="App\Card\CardGraphicTest" classname="App.Card.CardGraphicTest" file="/home/kb/dbwebb-kurser/mvc/me/report/tests/Card/CardGraphicTest.php" line="50" assertions="5" time="0.000714"/>
        <testcase name="testGetAsString" class="App\Card\CardGraphicTest" classname="App.Card.CardGraphicTest" file="/home/kb/dbwebb-kurser/mvc/me/report/tests/Card/CardGraphicTest.php" line="81" assertions="5" time="0.000350"/>
        <testcase name="testGetValue" class="App\Card\CardGraphicTest" classname="App.Card.CardGraphicTest" file="/home/kb/dbwebb-kurser/mvc/me/report/tests/Card/CardGraphicTest.php" line="111" assertions="5" time="0.000292"/>
      </testsuite>
      <testsuite name="App\Card\CardTest" file="/home/kb/dbwebb-kurser/mvc/me/report/tests/Card/CardTest.php" tests="3" assertions="7" errors="0" warnings="0" failures="0" skipped="0" time="0.001199">
        <testcase name="testCreateCard" class="App\Card\CardTest" classname="App.Card.CardTest" file="/home/kb/dbwebb-kurser/mvc/me/report/tests/Card/CardTest.php" line="16" assertions="1" time="0.000686"/>
        <testcase name="testGetValue" class="App\Card\CardTest" classname="App.Card.CardTest" file="/home/kb/dbwebb-kurser/mvc/me/report/tests/Card/CardTest.php" line="25" assertions="5" time="0.000272"/>
        <testcase name="testGetSuit" class="App\Card\CardTest" classname="App.Card.CardTest" file="/home/kb/dbwebb-kurser/mvc/me/report/tests/Card/CardTest.php" line="50" assertions="1" time="0.000242"/>
      </testsuite>
      <testsuite name="App\Card\DeckOfCardsTest" file="/home/kb/dbwebb-kurser/mvc/me/report/tests/Card/DeckOfCardsTest.php" tests="9" assertions="12" errors="0" warnings="0" failures="0" skipped="0" time="0.006598">
        <testcase name="testCreateCard" class="App\Card\DeckOfCardsTest" classname="App.Card.DeckOfCardsTest" file="/home/kb/dbwebb-kurser/mvc/me/report/tests/Card/DeckOfCardsTest.php" line="16" assertions="1" time="0.001509"/>
        <testcase name="testGetDeck" class="App\Card\DeckOfCardsTest" classname="App.Card.DeckOfCardsTest" file="/home/kb/dbwebb-kurser/mvc/me/report/tests/Card/DeckOfCardsTest.php" line="25" assertions="2" time="0.000353"/>
        <testcase name="testShuffle" class="App\Card\DeckOfCardsTest" classname="App.Card.DeckOfCardsTest" file="/home/kb/dbwebb-kurser/mvc/me/report/tests/Card/DeckOfCardsTest.php" line="38" assertions="3" time="0.002325"/>
        <testcase name="testDraw" class="App\Card\DeckOfCardsTest" classname="App.Card.DeckOfCardsTest" file="/home/kb/dbwebb-kurser/mvc/me/report/tests/Card/DeckOfCardsTest.php" line="52" assertions="1" time="0.000337"/>
        <testcase name="testDrawSchuffle" class="App\Card\DeckOfCardsTest" classname="App.Card.DeckOfCardsTest" file="/home/kb/dbwebb-kurser/mvc/me/report/tests/Card/DeckOfCardsTest.php" line="63" assertions="1" time="0.000493"/>
        <testcase name="testGetLast" class="App\Card\DeckOfCardsTest" classname="App.Card.DeckOfCardsTest" file="/home/kb/dbwebb-kurser/mvc/me/report/tests/Card/DeckOfCardsTest.php" line="80" assertions="1" time="0.000345"/>
        <testcase name="testGetSuit" class="App\Card\DeckOfCardsTest" classname="App.Card.DeckOfCardsTest" file="/home/kb/dbwebb-kurser/mvc/me/report/tests/Card/DeckOfCardsTest.php" line="91" assertions="1" time="0.000392"/>
        <testcase name="testCardCount" class="App\Card\DeckOfCardsTest" classname="App.Card.DeckOfCardsTest" file="/home/kb/dbwebb-kurser/mvc/me/report/tests/Card/DeckOfCardsTest.php" line="102" assertions="1" time="0.000372"/>
        <testcase name="testGetAsString" class="App\Card\DeckOfCardsTest" classname="App.Card.DeckOfCardsTest" file="/home/kb/dbwebb-kurser/mvc/me/report/tests/Card/DeckOfCardsTest.php" line="113" assertions="1" time="0.000473"/>
      </testsuite>
      <testsuite name="App\Card\Play21Test" file="/home/kb/dbwebb-kurser/mvc/me/report/tests/Card/Play21Test.php" tests="28" assertions="35" errors="0" warnings="0" failures="0" skipped="0" time="0.014696">
        <testcase name="testCreateGame" class="App\Card\Play21Test" classname="App.Card.Play21Test" file="/home/kb/dbwebb-kurser/mvc/me/report/tests/Card/Play21Test.php" line="18" assertions="5" time="0.002368"/>
        <testcase name="testGetBankScore" class="App\Card\Play21Test" classname="App.Card.Play21Test" file="/home/kb/dbwebb-kurser/mvc/me/report/tests/Card/Play21Test.php" line="37" assertions="1" time="0.000482"/>
        <testcase name="testSetBankScore" class="App\Card\Play21Test" classname="App.Card.Play21Test" file="/home/kb/dbwebb-kurser/mvc/me/report/tests/Card/Play21Test.php" line="48" assertions="1" time="0.000418"/>
        <testcase name="testGetPlayerScore" class="App\Card\Play21Test" classname="App.Card.Play21Test" file="/home/kb/dbwebb-kurser/mvc/me/report/tests/Card/Play21Test.php" line="59" assertions="1" time="0.000418"/>
        <testcase name="testSetPlayerScore" class="App\Card\Play21Test" classname="App.Card.Play21Test" file="/home/kb/dbwebb-kurser/mvc/me/report/tests/Card/Play21Test.php" line="70" assertions="1" time="0.000414"/>
        <testcase name="testGetBankRounds" class="App\Card\Play21Test" classname="App.Card.Play21Test" file="/home/kb/dbwebb-kurser/mvc/me/report/tests/Card/Play21Test.php" line="81" assertions="1" time="0.000425"/>
        <testcase name="testSetBankRounds" class="App\Card\Play21Test" classname="App.Card.Play21Test" file="/home/kb/dbwebb-kurser/mvc/me/report/tests/Card/Play21Test.php" line="93" assertions="1" time="0.000417"/>
        <testcase name="testGetPlayerRounds" class="App\Card\Play21Test" classname="App.Card.Play21Test" file="/home/kb/dbwebb-kurser/mvc/me/report/tests/Card/Play21Test.php" line="106" assertions="1" time="0.000410"/>
        <testcase name="testSetPlayerRounds" class="App\Card\Play21Test" classname="App.Card.Play21Test" file="/home/kb/dbwebb-kurser/mvc/me/report/tests/Card/Play21Test.php" line="118" assertions="1" time="0.000415"/>
        <testcase name="testGetDeck" class="App\Card\Play21Test" classname="App.Card.Play21Test" file="/home/kb/dbwebb-kurser/mvc/me/report/tests/Card/Play21Test.php" line="132" assertions="1" time="0.000448"/>
        <testcase name="testGetRounds" class="App\Card\Play21Test" classname="App.Card.Play21Test" file="/home/kb/dbwebb-kurser/mvc/me/report/tests/Card/Play21Test.php" line="143" assertions="1" time="0.000426"/>
        <testcase name="testSetRounds" class="App\Card\Play21Test" classname="App.Card.Play21Test" file="/home/kb/dbwebb-kurser/mvc/me/report/tests/Card/Play21Test.php" line="155" assertions="1" time="0.000599"/>
        <testcase name="testDraw" class="App\Card\Play21Test" classname="App.Card.Play21Test" file="/home/kb/dbwebb-kurser/mvc/me/report/tests/Card/Play21Test.php" line="168" assertions="1" time="0.000588"/>
        <testcase name="testPlayerHand" class="App\Card\Play21Test" classname="App.Card.Play21Test" file="/home/kb/dbwebb-kurser/mvc/me/report/tests/Card/Play21Test.php" line="179" assertions="1" time="0.000416"/>
        <testcase name="testPlayerDraw" class="App\Card\Play21Test" classname="App.Card.Play21Test" file="/home/kb/dbwebb-kurser/mvc/me/report/tests/Card/Play21Test.php" line="190" assertions="1" time="0.000510"/>
        <testcase name="testBankHand" class="App\Card\Play21Test" classname="App.Card.Play21Test" file="/home/kb/dbwebb-kurser/mvc/me/report/tests/Card/Play21Test.php" line="201" assertions="1" time="0.000446"/>
        <testcase name="testBankDraw" class="App\Card\Play21Test" classname="App.Card.Play21Test" file="/home/kb/dbwebb-kurser/mvc/me/report/tests/Card/Play21Test.php" line="212" assertions="1" time="0.000464"/>
        <testcase name="testClearHands" class="App\Card\Play21Test" classname="App.Card.Play21Test" file="/home/kb/dbwebb-kurser/mvc/me/report/tests/Card/Play21Test.php" line="223" assertions="4" time="0.000480"/>
        <testcase name="testPlayerWinnsBy21" class="App\Card\Play21Test" classname="App.Card.Play21Test" file="/home/kb/dbwebb-kurser/mvc/me/report/tests/Card/Play21Test.php" line="247" assertions="1" time="0.000428"/>
        <testcase name="testPlayerOver21" class="App\Card\Play21Test" classname="App.Card.Play21Test" file="/home/kb/dbwebb-kurser/mvc/me/report/tests/Card/Play21Test.php" line="262" assertions="1" time="0.000427"/>
        <testcase name="testPlayerAndBankIsEqual" class="App\Card\Play21Test" classname="App.Card.Play21Test" file="/home/kb/dbwebb-kurser/mvc/me/report/tests/Card/Play21Test.php" line="277" assertions="1" time="0.000436"/>
        <testcase name="testBankWinnsBy21" class="App\Card\Play21Test" classname="App.Card.Play21Test" file="/home/kb/dbwebb-kurser/mvc/me/report/tests/Card/Play21Test.php" line="292" assertions="1" time="0.000451"/>
        <testcase name="testBankOver21" class="App\Card\Play21Test" classname="App.Card.Play21Test" file="/home/kb/dbwebb-kurser/mvc/me/report/tests/Card/Play21Test.php" line="307" assertions="1" time="0.000431"/>
        <testcase name="testBankHigherThanPlayerAndLowerThan21" class="App\Card\Play21Test" classname="App.Card.Play21Test" file="/home/kb/dbwebb-kurser/mvc/me/report/tests/Card/Play21Test.php" line="322" assertions="1" time="0.000442"/>
        <testcase name="testBustOrWinnPlayer21" class="App\Card\Play21Test" classname="App.Card.Play21Test" file="/home/kb/dbwebb-kurser/mvc/me/report/tests/Card/Play21Test.php" line="337" assertions="1" time="0.000457"/>
        <testcase name="testBustOrWinnPlayerOver21" class="App\Card\Play21Test" classname="App.Card.Play21Test" file="/home/kb/dbwebb-kurser/mvc/me/report/tests/Card/Play21Test.php" line="352" assertions="1" time="0.000540"/>
        <testcase name="testBustOrWinnBank21" class="App\Card\Play21Test" classname="App.Card.Play21Test" file="/home/kb/dbwebb-kurser/mvc/me/report/tests/Card/Play21Test.php" line="367" assertions="1" time="0.000469"/>
        <testcase name="testBustOrWinnBankOver21" class="App\Card\Play21Test" classname="App.Card.Play21Test" file="/home/kb/dbwebb-kurser/mvc/me/report/tests/Card/Play21Test.php" line="382" assertions="1" time="0.000472"/>
      </testsuite>
      <testsuite name="App\Card\PlayBlackjackTest" file="/home/kb/dbwebb-kurser/mvc/me/report/tests/Card/PlayBlackjackTest.php" tests="26" assertions="38" errors="0" warnings="0" failures="0" skipped="0" time="0.016836">
        <testcase name="testCreateGame" class="App\Card\PlayBlackjackTest" classname="App.Card.PlayBlackjackTest" file="/home/kb/dbwebb-kurser/mvc/me/report/tests/Card/PlayBlackjackTest.php" line="19" assertions="1" time="0.002425"/>
        <testcase name="testGetBankScore" class="App\Card\PlayBlackjackTest" classname="App.Card.PlayBlackjackTest" file="/home/kb/dbwebb-kurser/mvc/me/report/tests/Card/PlayBlackjackTest.php" line="28" assertions="1" time="0.000547"/>
        <testcase name="testGetFirstBankCard" class="App\Card\PlayBlackjackTest" classname="App.Card.PlayBlackjackTest" file="/home/kb/dbwebb-kurser/mvc/me/report/tests/Card/PlayBlackjackTest.php" line="39" assertions="1" time="0.000447"/>
        <testcase name="testGetPlayerScore" class="App\Card\PlayBlackjackTest" classname="App.Card.PlayBlackjackTest" file="/home/kb/dbwebb-kurser/mvc/me/report/tests/Card/PlayBlackjackTest.php" line="50" assertions="1" time="0.000417"/>
        <testcase name="testGetDeck" class="App\Card\PlayBlackjackTest" classname="App.Card.PlayBlackjackTest" file="/home/kb/dbwebb-kurser/mvc/me/report/tests/Card/PlayBlackjackTest.php" line="61" assertions="1" time="0.000411"/>
        <testcase name="testGetApiDeck" class="App\Card\PlayBlackjackTest" classname="App.Card.PlayBlackjackTest" file="/home/kb/dbwebb-kurser/mvc/me/report/tests/Card/PlayBlackjackTest.php" line="71" assertions="1" time="0.000530"/>
        <testcase name="testCountBankHand" class="App\Card\PlayBlackjackTest" classname="App.Card.PlayBlackjackTest" file="/home/kb/dbwebb-kurser/mvc/me/report/tests/Card/PlayBlackjackTest.php" line="81" assertions="2" time="0.000442"/>
        <testcase name="testAddPlayerHand" class="App\Card\PlayBlackjackTest" classname="App.Card.PlayBlackjackTest" file="/home/kb/dbwebb-kurser/mvc/me/report/tests/Card/PlayBlackjackTest.php" line="94" assertions="1" time="0.000523"/>
        <testcase name="testHitPlayerHand" class="App\Card\PlayBlackjackTest" classname="App.Card.PlayBlackjackTest" file="/home/kb/dbwebb-kurser/mvc/me/report/tests/Card/PlayBlackjackTest.php" line="109" assertions="1" time="0.000517"/>
        <testcase name="testAddHandScore" class="App\Card\PlayBlackjackTest" classname="App.Card.PlayBlackjackTest" file="/home/kb/dbwebb-kurser/mvc/me/report/tests/Card/PlayBlackjackTest.php" line="124" assertions="1" time="0.000510"/>
        <testcase name="testHitHandScore" class="App\Card\PlayBlackjackTest" classname="App.Card.PlayBlackjackTest" file="/home/kb/dbwebb-kurser/mvc/me/report/tests/Card/PlayBlackjackTest.php" line="136" assertions="1" time="0.000505"/>
        <testcase name="testDealFirstPlayerCard" class="App\Card\PlayBlackjackTest" classname="App.Card.PlayBlackjackTest" file="/home/kb/dbwebb-kurser/mvc/me/report/tests/Card/PlayBlackjackTest.php" line="149" assertions="1" time="0.000524"/>
        <testcase name="testDealSecondPlayerCard" class="App\Card\PlayBlackjackTest" classname="App.Card.PlayBlackjackTest" file="/home/kb/dbwebb-kurser/mvc/me/report/tests/Card/PlayBlackjackTest.php" line="162" assertions="1" time="0.000533"/>
        <testcase name="testDealFirstBankCard" class="App\Card\PlayBlackjackTest" classname="App.Card.PlayBlackjackTest" file="/home/kb/dbwebb-kurser/mvc/me/report/tests/Card/PlayBlackjackTest.php" line="176" assertions="1" time="0.000525"/>
        <testcase name="testDealSecondBankCard" class="App\Card\PlayBlackjackTest" classname="App.Card.PlayBlackjackTest" file="/home/kb/dbwebb-kurser/mvc/me/report/tests/Card/PlayBlackjackTest.php" line="189" assertions="1" time="0.000514"/>
        <testcase name="testDealBankCard" class="App\Card\PlayBlackjackTest" classname="App.Card.PlayBlackjackTest" file="/home/kb/dbwebb-kurser/mvc/me/report/tests/Card/PlayBlackjackTest.php" line="203" assertions="1" time="0.000517"/>
        <testcase name="testPlayerHand" class="App\Card\PlayBlackjackTest" classname="App.Card.PlayBlackjackTest" file="/home/kb/dbwebb-kurser/mvc/me/report/tests/Card/PlayBlackjackTest.php" line="216" assertions="1" time="0.000432"/>
        <testcase name="testPlayerDraw" class="App\Card\PlayBlackjackTest" classname="App.Card.PlayBlackjackTest" file="/home/kb/dbwebb-kurser/mvc/me/report/tests/Card/PlayBlackjackTest.php" line="226" assertions="1" time="0.000534"/>
        <testcase name="testBankHand" class="App\Card\PlayBlackjackTest" classname="App.Card.PlayBlackjackTest" file="/home/kb/dbwebb-kurser/mvc/me/report/tests/Card/PlayBlackjackTest.php" line="240" assertions="1" time="0.000467"/>
        <testcase name="testgetBankHand" class="App\Card\PlayBlackjackTest" classname="App.Card.PlayBlackjackTest" file="/home/kb/dbwebb-kurser/mvc/me/report/tests/Card/PlayBlackjackTest.php" line="250" assertions="1" time="0.000436"/>
        <testcase name="testBankDraw" class="App\Card\PlayBlackjackTest" classname="App.Card.PlayBlackjackTest" file="/home/kb/dbwebb-kurser/mvc/me/report/tests/Card/PlayBlackjackTest.php" line="261" assertions="1" time="0.000678"/>
        <testcase name="testPlayBust" class="App\Card\PlayBlackjackTest" classname="App.Card.PlayBlackjackTest" file="/home/kb/dbwebb-kurser/mvc/me/report/tests/Card/PlayBlackjackTest.php" line="275" assertions="3" time="0.001974"/>
        <testcase name="testPlayer21" class="App\Card\PlayBlackjackTest" classname="App.Card.PlayBlackjackTest" file="/home/kb/dbwebb-kurser/mvc/me/report/tests/Card/PlayBlackjackTest.php" line="296" assertions="2" time="0.000463"/>
        <testcase name="testClearHands" class="App\Card\PlayBlackjackTest" classname="App.Card.PlayBlackjackTest" file="/home/kb/dbwebb-kurser/mvc/me/report/tests/Card/PlayBlackjackTest.php" line="311" assertions="1" time="0.000457"/>
        <testcase name="testAllPlayerWinns" class="App\Card\PlayBlackjackTest" classname="App.Card.PlayBlackjackTest" file="/home/kb/dbwebb-kurser/mvc/me/report/tests/Card/PlayBlackjackTest.php" line="326" assertions="2" time="0.000467"/>
        <testcase name="testgetWinner" class="App\Card\PlayBlackjackTest" classname="App.Card.PlayBlackjackTest" file="/home/kb/dbwebb-kurser/mvc/me/report/tests/Card/PlayBlackjackTest.php" line="345" assertions="8" time="0.001040"/>
      </testsuite>
      <testsuite name="App\Card\PlayerTest" file="/home/kb/dbwebb-kurser/mvc/me/report/tests/Card/PlayerTest.php" tests="12" assertions="14" errors="0" warnings="0" failures="0" skipped="0" time="0.003884">
        <testcase name="testCreatePlayer" class="App\Card\PlayerTest" classname="App.Card.PlayerTest" file="/home/kb/dbwebb-kurser/mvc/me/report/tests/Card/PlayerTest.php" line="16" assertions="1" time="0.000259"/>
        <testcase name="testGetName" class="App\Card\PlayerTest" classname="App.Card.PlayerTest" file="/home/kb/dbwebb-kurser/mvc/me/report/tests/Card/PlayerTest.php" line="25" assertions="1" time="0.000250"/>
        <testcase name="testSetName" class="App\Card\PlayerTest" classname="App.Card.PlayerTest" file="/home/kb/dbwebb-kurser/mvc/me/report/tests/Card/PlayerTest.php" line="36" assertions="1" time="0.000250"/>
        <testcase name="testGetAccount" class="App\Card\PlayerTest" classname="App.Card.PlayerTest" file="/home/kb/dbwebb-kurser/mvc/me/report/tests/Card/PlayerTest.php" line="49" assertions="1" time="0.000324"/>
        <testcase name="testSetAccount" class="App\Card\PlayerTest" classname="App.Card.PlayerTest" file="/home/kb/dbwebb-kurser/mvc/me/report/tests/Card/PlayerTest.php" line="60" assertions="1" time="0.000284"/>
        <testcase name="testBet" class="App\Card\PlayerTest" classname="App.Card.PlayerTest" file="/home/kb/dbwebb-kurser/mvc/me/report/tests/Card/PlayerTest.php" line="74" assertions="3" time="0.000300"/>
        <testcase name="testGetBets" class="App\Card\PlayerTest" classname="App.Card.PlayerTest" file="/home/kb/dbwebb-kurser/mvc/me/report/tests/Card/PlayerTest.php" line="94" assertions="1" time="0.000284"/>
        <testcase name="testGetBet" class="App\Card\PlayerTest" classname="App.Card.PlayerTest" file="/home/kb/dbwebb-kurser/mvc/me/report/tests/Card/PlayerTest.php" line="105" assertions="1" time="0.000288"/>
        <testcase name="testclearBets" class="App\Card\PlayerTest" classname="App.Card.PlayerTest" file="/home/kb/dbwebb-kurser/mvc/me/report/tests/Card/PlayerTest.php" line="118" assertions="1" time="0.000623"/>
        <testcase name="testAddAccount" class="App\Card\PlayerTest" classname="App.Card.PlayerTest" file="/home/kb/dbwebb-kurser/mvc/me/report/tests/Card/PlayerTest.php" line="131" assertions="1" time="0.000522"/>
        <testcase name="testGetNumOfHands" class="App\Card\PlayerTest" classname="App.Card.PlayerTest" file="/home/kb/dbwebb-kurser/mvc/me/report/tests/Card/PlayerTest.php" line="142" assertions="1" time="0.000251"/>
        <testcase name="testSetNumOfHands" class="App\Card\PlayerTest" classname="App.Card.PlayerTest" file="/home/kb/dbwebb-kurser/mvc/me/report/tests/Card/PlayerTest.php" line="153" assertions="1" time="0.000250"/>
      </testsuite>
      <testsuite name="App\tests\Controller\testBlackjackController" file="/home/kb/dbwebb-kurser/mvc/me/report/tests/Controller/BlackjackControllerTest.php" tests="4" assertions="4" errors="0" warnings="0" failures="0" skipped="0" time="0.527258">
        <testcase name="testIndex" class="App\tests\Controller\testBlackjackController" classname="App.tests.Controller.testBlackjackController" file="/home/kb/dbwebb-kurser/mvc/me/report/tests/Controller/BlackjackControllerTest.php" line="17" assertions="1" time="0.390646"/>
        <testcase name="testCreateBlackjack" class="App\tests\Controller\testBlackjackController" classname="App.tests.Controller.testBlackjackController" file="/home/kb/dbwebb-kurser/mvc/me/report/tests/Controller/BlackjackControllerTest.php" line="28" assertions="1" time="0.093085"/>
        <testcase name="testShowAllPlayer" class="App\tests\Controller\testBlackjackController" classname="App.tests.Controller.testBlackjackController" file="/home/kb/dbwebb-kurser/mvc/me/report/tests/Controller/BlackjackControllerTest.php" line="37" assertions="1" time="0.024204"/>
        <testcase name="testReset" class="App\tests\Controller\testBlackjackController" classname="App.tests.Controller.testBlackjackController" file="/home/kb/dbwebb-kurser/mvc/me/report/tests/Controller/BlackjackControllerTest.php" line="46" assertions="1" time="0.019323"/>
      </testsuite>
      <testsuite name="App\tests\Controller\testGame21Controller" file="/home/kb/dbwebb-kurser/mvc/me/report/tests/Controller/Card21ControllerTest.php" tests="2" assertions="4" errors="0" warnings="0" failures="0" skipped="0" time="0.054978">
        <testcase name="testHome21" class="App\tests\Controller\testGame21Controller" classname="App.tests.Controller.testGame21Controller" file="/home/kb/dbwebb-kurser/mvc/me/report/tests/Controller/Card21ControllerTest.php" line="17" assertions="3" time="0.040511"/>
        <testcase name="testDoc21" class="App\tests\Controller\testGame21Controller" classname="App.tests.Controller.testGame21Controller" file="/home/kb/dbwebb-kurser/mvc/me/report/tests/Controller/Card21ControllerTest.php" line="28" assertions="1" time="0.014467"/>
      </testsuite>
      <testsuite name="App\tests\Controller\test21GameControllerJson" file="/home/kb/dbwebb-kurser/mvc/me/report/tests/Controller/CardGame21ControllerJsonTest.php" tests="2" assertions="2" errors="0" warnings="0" failures="0" skipped="0" time="0.019720">
        <testcase name="testApiGame" class="App\tests\Controller\test21GameControllerJson" classname="App.tests.Controller.test21GameControllerJson" file="/home/kb/dbwebb-kurser/mvc/me/report/tests/Controller/CardGame21ControllerJsonTest.php" line="14" assertions="1" time="0.009108"/>
        <testcase name="testApiSchuffle" class="App\tests\Controller\test21GameControllerJson" classname="App.tests.Controller.test21GameControllerJson" file="/home/kb/dbwebb-kurser/mvc/me/report/tests/Controller/CardGame21ControllerJsonTest.php" line="24" assertions="1" time="0.010611"/>
      </testsuite>
      <testsuite name="App\tests\Controller\testGameControllerJson" file="/home/kb/dbwebb-kurser/mvc/me/report/tests/Controller/CardGameControllerJsonTest.php" tests="2" assertions="2" errors="0" warnings="0" failures="0" skipped="0" time="0.019156">
        <testcase name="testApiDeck" class="App\tests\Controller\testGameControllerJson" classname="App.tests.Controller.testGameControllerJson" file="/home/kb/dbwebb-kurser/mvc/me/report/tests/Controller/CardGameControllerJsonTest.php" line="14" assertions="1" time="0.009425"/>
        <testcase name="testApiSchuffle" class="App\tests\Controller\testGameControllerJson" classname="App.tests.Controller.testGameControllerJson" file="/home/kb/dbwebb-kurser/mvc/me/report/tests/Controller/CardGameControllerJsonTest.php" line="24" assertions="1" time="0.009731"/>
      </testsuite>
      <testsuite name="App\tests\Controller\testGameController" file="/home/kb/dbwebb-kurser/mvc/me/report/tests/Controller/CardGameControllerTest.php" tests="6" assertions="8" errors="0" warnings="0" failures="0" skipped="0" time="0.123396">
        <testcase name="testHome" class="App\tests\Controller\testGameController" classname="App.tests.Controller.testGameController" file="/home/kb/dbwebb-kurser/mvc/me/report/tests/Controller/CardGameControllerTest.php" line="14" assertions="3" time="0.017667"/>
        <testcase name="testTest" class="App\tests\Controller\testGameController" classname="App.tests.Controller.testGameController" file="/home/kb/dbwebb-kurser/mvc/me/report/tests/Controller/CardGameControllerTest.php" line="27" assertions="1" time="0.015772"/>
        <testcase name="testPlay" class="App\tests\Controller\testGameController" classname="App.tests.Controller.testGameController" file="/home/kb/dbwebb-kurser/mvc/me/report/tests/Controller/CardGameControllerTest.php" line="34" assertions="1" time="0.014148"/>
        <testcase name="testSessionDestroy" class="App\tests\Controller\testGameController" classname="App.tests.Controller.testGameController" file="/home/kb/dbwebb-kurser/mvc/me/report/tests/Controller/CardGameControllerTest.php" line="41" assertions="1" time="0.012855"/>
        <testcase name="testDeck" class="App\tests\Controller\testGameController" classname="App.tests.Controller.testGameController" file="/home/kb/dbwebb-kurser/mvc/me/report/tests/Controller/CardGameControllerTest.php" line="48" assertions="1" time="0.032193"/>
        <testcase name="testShuffle" class="App\tests\Controller\testGameController" classname="App.tests.Controller.testGameController" file="/home/kb/dbwebb-kurser/mvc/me/report/tests/Controller/CardGameControllerTest.php" line="55" assertions="1" time="0.030762"/>
      </testsuite>
      <testsuite name="App\tests\Controller\testDiceGameController" file="/home/kb/dbwebb-kurser/mvc/me/report/tests/Controller/DiceGameControllerTest.php" tests="4" assertions="6" errors="0" warnings="0" failures="0" skipped="0" time="0.059328">
        <testcase name="testHome" class="App\tests\Controller\testDiceGameController" classname="App.tests.Controller.testDiceGameController" file="/home/kb/dbwebb-kurser/mvc/me/report/tests/Controller/DiceGameControllerTest.php" line="14" assertions="3" time="0.014579"/>
        <testcase name="testTestRollDice" class="App\tests\Controller\testDiceGameController" classname="App.tests.Controller.testDiceGameController" file="/home/kb/dbwebb-kurser/mvc/me/report/tests/Controller/DiceGameControllerTest.php" line="25" assertions="1" time="0.013895"/>
        <testcase name="testTestRollDices" class="App\tests\Controller\testDiceGameController" classname="App.tests.Controller.testDiceGameController" file="/home/kb/dbwebb-kurser/mvc/me/report/tests/Controller/DiceGameControllerTest.php" line="32" assertions="1" time="0.017347"/>
        <testcase name="testInitCallback" class="App\tests\Controller\testDiceGameController" classname="App.tests.Controller.testDiceGameController" file="/home/kb/dbwebb-kurser/mvc/me/report/tests/Controller/DiceGameControllerTest.php" line="39" assertions="1" time="0.013507"/>
      </testsuite>
      <testsuite name="App\tests\Controller\LibraryControllerJsonTest" file="/home/kb/dbwebb-kurser/mvc/me/report/tests/Controller/LibraryControllerJsonTest.php" tests="2" assertions="2" errors="0" warnings="0" failures="0" skipped="0" time="0.033497">
        <testcase name="testApiShowAllBooks" class="App\tests\Controller\LibraryControllerJsonTest" classname="App.tests.Controller.LibraryControllerJsonTest" file="/home/kb/dbwebb-kurser/mvc/me/report/tests/Controller/LibraryControllerJsonTest.php" line="18" assertions="1" time="0.013292"/>
        <testcase name="testFindByIsbn" class="App\tests\Controller\LibraryControllerJsonTest" classname="App.tests.Controller.LibraryControllerJsonTest" file="/home/kb/dbwebb-kurser/mvc/me/report/tests/Controller/LibraryControllerJsonTest.php" line="28" assertions="1" time="0.020205"/>
      </testsuite>
      <testsuite name="App\tests\Controller\testLibraryController" file="/home/kb/dbwebb-kurser/mvc/me/report/tests/Controller/LibraryControllerTest.php" tests="6" assertions="6" errors="0" warnings="0" failures="0" skipped="0" time="0.115343">
        <testcase name="testIndex" class="App\tests\Controller\testLibraryController" classname="App.tests.Controller.testLibraryController" file="/home/kb/dbwebb-kurser/mvc/me/report/tests/Controller/LibraryControllerTest.php" line="17" assertions="1" time="0.014337"/>
        <testcase name="testReset" class="App\tests\Controller\testLibraryController" classname="App.tests.Controller.testLibraryController" file="/home/kb/dbwebb-kurser/mvc/me/report/tests/Controller/LibraryControllerTest.php" line="28" assertions="1" time="0.033214"/>
        <testcase name="testCreate" class="App\tests\Controller\testLibraryController" classname="App.tests.Controller.testLibraryController" file="/home/kb/dbwebb-kurser/mvc/me/report/tests/Controller/LibraryControllerTest.php" line="37" assertions="1" time="0.013968"/>
        <testcase name="testViewAllLibrary" class="App\tests\Controller\testLibraryController" classname="App.tests.Controller.testLibraryController" file="/home/kb/dbwebb-kurser/mvc/me/report/tests/Controller/LibraryControllerTest.php" line="46" assertions="1" time="0.019988"/>
        <testcase name="testViewLibraryById" class="App\tests\Controller\testLibraryController" classname="App.tests.Controller.testLibraryController" file="/home/kb/dbwebb-kurser/mvc/me/report/tests/Controller/LibraryControllerTest.php" line="55" assertions="1" time="0.015682"/>
        <testcase name="testDeleteLibraryById" class="App\tests\Controller\testLibraryController" classname="App.tests.Controller.testLibraryController" file="/home/kb/dbwebb-kurser/mvc/me/report/tests/Controller/LibraryControllerTest.php" line="64" assertions="1" time="0.018155"/>
      </testsuite>
      <testsuite name="App\tests\Controller\testMyPageController" file="/home/kb/dbwebb-kurser/mvc/me/report/tests/Controller/MyPageControllerTest.php" tests="7" assertions="7" errors="0" warnings="0" failures="0" skipped="0" time="0.131644">
        <testcase name="testMeRoute" class="App\tests\Controller\testMyPageController" classname="App.tests.Controller.testMyPageController" file="/home/kb/dbwebb-kurser/mvc/me/report/tests/Controller/MyPageControllerTest.php" line="17" assertions="1" time="0.013247"/>
        <testcase name="testAbout" class="App\tests\Controller\testMyPageController" classname="App.tests.Controller.testMyPageController" file="/home/kb/dbwebb-kurser/mvc/me/report/tests/Controller/MyPageControllerTest.php" line="28" assertions="1" time="0.013014"/>
        <testcase name="testReport" class="App\tests\Controller\testMyPageController" classname="App.tests.Controller.testMyPageController" file="/home/kb/dbwebb-kurser/mvc/me/report/tests/Controller/MyPageControllerTest.php" line="37" assertions="1" time="0.032452"/>
        <testcase name="testLycky" class="App\tests\Controller\testMyPageController" classname="App.tests.Controller.testMyPageController" file="/home/kb/dbwebb-kurser/mvc/me/report/tests/Controller/MyPageControllerTest.php" line="46" assertions="1" time="0.015881"/>
        <testcase name="testStart" class="App\tests\Controller\testMyPageController" classname="App.tests.Controller.testMyPageController" file="/home/kb/dbwebb-kurser/mvc/me/report/tests/Controller/MyPageControllerTest.php" line="55" assertions="1" time="0.018598"/>
        <testcase name="testApi" class="App\tests\Controller\testMyPageController" classname="App.tests.Controller.testMyPageController" file="/home/kb/dbwebb-kurser/mvc/me/report/tests/Controller/MyPageControllerTest.php" line="64" assertions="1" time="0.016070"/>
        <testcase name="testMetrics" class="App\tests\Controller\testMyPageController" classname="App.tests.Controller.testMyPageController" file="/home/kb/dbwebb-kurser/mvc/me/report/tests/Controller/MyPageControllerTest.php" line="73" assertions="1" time="0.022382"/>
      </testsuite>
      <testsuite name="App\tests\Controller\testProjController" file="/home/kb/dbwebb-kurser/mvc/me/report/tests/Controller/ProjControllerTest.php" tests="6" assertions="6" errors="0" warnings="0" failures="0" skipped="0" time="0.075729">
        <testcase name="testHomeBj" class="App\tests\Controller\testProjController" classname="App.tests.Controller.testProjController" file="/home/kb/dbwebb-kurser/mvc/me/report/tests/Controller/ProjControllerTest.php" line="17" assertions="1" time="0.012889"/>
        <testcase name="testAbout" class="App\tests\Controller\testProjController" classname="App.tests.Controller.testProjController" file="/home/kb/dbwebb-kurser/mvc/me/report/tests/Controller/ProjControllerTest.php" line="28" assertions="1" time="0.013487"/>
        <testcase name="testApiBj" class="App\tests\Controller\testProjController" classname="App.tests.Controller.testProjController" file="/home/kb/dbwebb-kurser/mvc/me/report/tests/Controller/ProjControllerTest.php" line="39" assertions="1" time="0.011697"/>
        <testcase name="testDatabaseBj" class="App\tests\Controller\testProjController" classname="App.tests.Controller.testProjController" file="/home/kb/dbwebb-kurser/mvc/me/report/tests/Controller/ProjControllerTest.php" line="50" assertions="1" time="0.014940"/>
        <testcase name="testInit" class="App\tests\Controller\testProjController" classname="App.tests.Controller.testProjController" file="/home/kb/dbwebb-kurser/mvc/me/report/tests/Controller/ProjControllerTest.php" line="61" assertions="1" time="0.012322"/>
        <testcase name="testInitCallback" class="App\tests\Controller\testProjController" classname="App.tests.Controller.testProjController" file="/home/kb/dbwebb-kurser/mvc/me/report/tests/Controller/ProjControllerTest.php" line="72" assertions="1" time="0.010394"/>
      </testsuite>
      <testsuite name="App\Dice\DiceGraphicTest" file="/home/kb/dbwebb-kurser/mvc/me/report/tests/Dice/DiceGraphicTest.php" tests="1" assertions="2" errors="0" warnings="0" failures="0" skipped="0" time="0.000347">
        <testcase name="testCreateDiceGraphic" class="App\Dice\DiceGraphicTest" classname="App.Dice.DiceGraphicTest" file="/home/kb/dbwebb-kurser/mvc/me/report/tests/Dice/DiceGraphicTest.php" line="16" assertions="2" time="0.000347"/>
      </testsuite>
      <testsuite name="App\Dice\DiceHandTest" file="/home/kb/dbwebb-kurser/mvc/me/report/tests/Dice/DiceHandTest.php" tests="6" assertions="6" errors="0" warnings="0" failures="0" skipped="0" time="0.014560">
        <testcase name="testCreateDiceHand" class="App\Dice\DiceHandTest" classname="App.Dice.DiceHandTest" file="/home/kb/dbwebb-kurser/mvc/me/report/tests/Dice/DiceHandTest.php" line="16" assertions="1" time="0.001103"/>
        <testcase name="testgetValues" class="App\Dice\DiceHandTest" classname="App.Dice.DiceHandTest" file="/home/kb/dbwebb-kurser/mvc/me/report/tests/Dice/DiceHandTest.php" line="25" assertions="1" time="0.000332"/>
        <testcase name="testStubRollDiceLastRoll" class="App\Dice\DiceHandTest" classname="App.Dice.DiceHandTest" file="/home/kb/dbwebb-kurser/mvc/me/report/tests/Dice/DiceHandTest.php" line="38" assertions="1" time="0.012218"/>
        <testcase name="testGetNumberDices" class="App\Dice\DiceHandTest" classname="App.Dice.DiceHandTest" file="/home/kb/dbwebb-kurser/mvc/me/report/tests/Dice/DiceHandTest.php" line="55" assertions="1" time="0.000300"/>
        <testcase name="testRoll" class="App\Dice\DiceHandTest" classname="App.Dice.DiceHandTest" file="/home/kb/dbwebb-kurser/mvc/me/report/tests/Dice/DiceHandTest.php" line="70" assertions="1" time="0.000309"/>
        <testcase name="testGetString" class="App\Dice\DiceHandTest" classname="App.Dice.DiceHandTest" file="/home/kb/dbwebb-kurser/mvc/me/report/tests/Dice/DiceHandTest.php" line="86" assertions="1" time="0.000299"/>
      </testsuite>
      <testsuite name="App\Dice\DiceTest" file="/home/kb/dbwebb-kurser/mvc/me/report/tests/Dice/DiceTest.php" tests="3" assertions="4" errors="0" warnings="0" failures="0" skipped="0" time="0.001018">
        <testcase name="testCreateDice" class="App\Dice\DiceTest" classname="App.Dice.DiceTest" file="/home/kb/dbwebb-kurser/mvc/me/report/tests/Dice/DiceTest.php" line="16" assertions="2" time="0.000314"/>
        <testcase name="testStubRollDiceLastRoll" class="App\Dice\DiceTest" classname="App.Dice.DiceTest" file="/home/kb/dbwebb-kurser/mvc/me/report/tests/Dice/DiceTest.php" line="28" assertions="1" time="0.000432"/>
        <testcase name="testgetValue" class="App\Dice\DiceTest" classname="App.Dice.DiceTest" file="/home/kb/dbwebb-kurser/mvc/me/report/tests/Dice/DiceTest.php" line="42" assertions="1" time="0.000271"/>
      </testsuite>
      <testsuite name="App\Entity\BlackjackTest" file="/home/kb/dbwebb-kurser/mvc/me/report/tests/Entity/BlackjackTest.php" tests="4" assertions="4" errors="0" warnings="0" failures="0" skipped="0" time="0.001073">
        <testcase name="testCreateBlackjack" class="App\Entity\BlackjackTest" classname="App.Entity.BlackjackTest" file="/home/kb/dbwebb-kurser/mvc/me/report/tests/Entity/BlackjackTest.php" line="16" assertions="1" time="0.000266"/>
        <testcase name="testSetName" class="App\Entity\BlackjackTest" classname="App.Entity.BlackjackTest" file="/home/kb/dbwebb-kurser/mvc/me/report/tests/Entity/BlackjackTest.php" line="25" assertions="1" time="0.000269"/>
        <testcase name="testSetAccount" class="App\Entity\BlackjackTest" classname="App.Entity.BlackjackTest" file="/home/kb/dbwebb-kurser/mvc/me/report/tests/Entity/BlackjackTest.php" line="38" assertions="1" time="0.000268"/>
        <testcase name="testSetNumOfHands" class="App\Entity\BlackjackTest" classname="App.Entity.BlackjackTest" file="/home/kb/dbwebb-kurser/mvc/me/report/tests/Entity/BlackjackTest.php" line="52" assertions="1" time="0.000269"/>
      </testsuite>
      <testsuite name="App\Entity\GameTest" file="/home/kb/dbwebb-kurser/mvc/me/report/tests/Entity/GameTest.php" tests="7" assertions="7" errors="0" warnings="0" failures="0" skipped="0" time="0.002984">
        <testcase name="testCreateBlackjack" class="App\Entity\GameTest" classname="App.Entity.GameTest" file="/home/kb/dbwebb-kurser/mvc/me/report/tests/Entity/GameTest.php" line="16" assertions="1" time="0.001244"/>
        <testcase name="testGetId" class="App\Entity\GameTest" classname="App.Entity.GameTest" file="/home/kb/dbwebb-kurser/mvc/me/report/tests/Entity/GameTest.php" line="25" assertions="1" time="0.000316"/>
        <testcase name="testPlayerId" class="App\Entity\GameTest" classname="App.Entity.GameTest" file="/home/kb/dbwebb-kurser/mvc/me/report/tests/Entity/GameTest.php" line="36" assertions="1" time="0.000348"/>
        <testcase name="testBankHand" class="App\Entity\GameTest" classname="App.Entity.GameTest" file="/home/kb/dbwebb-kurser/mvc/me/report/tests/Entity/GameTest.php" line="49" assertions="1" time="0.000273"/>
        <testcase name="testPlayerHandOne" class="App\Entity\GameTest" classname="App.Entity.GameTest" file="/home/kb/dbwebb-kurser/mvc/me/report/tests/Entity/GameTest.php" line="62" assertions="1" time="0.000272"/>
        <testcase name="testPlayerHandTwo" class="App\Entity\GameTest" classname="App.Entity.GameTest" file="/home/kb/dbwebb-kurser/mvc/me/report/tests/Entity/GameTest.php" line="75" assertions="1" time="0.000267"/>
        <testcase name="testPlayerHandThree" class="App\Entity\GameTest" classname="App.Entity.GameTest" file="/home/kb/dbwebb-kurser/mvc/me/report/tests/Entity/GameTest.php" line="88" assertions="1" time="0.000264"/>
      </testsuite>
    </testsuite>
  </testsuite>
</testsuites>
