<?xml version="1.0" encoding="UTF-8"?>
<testsuites>
  <testsuite name="" tests="85" assertions="123" errors="0" warnings="0" failures="0" skipped="0" time="1.033037">
    <testsuite name="Project Test Suite" tests="85" assertions="123" errors="0" warnings="0" failures="0" skipped="0" time="1.033037">
      <testsuite name="App\Card\CardGraphicTest" file="/home/kb/dbwebb-kurser/mvc/me/report/tests/Card/CardGraphicTest.php" tests="5" assertions="21" errors="0" warnings="0" failures="0" skipped="0" time="0.007771">
        <testcase name="testcardAsString" class="App\Card\CardGraphicTest" classname="App.Card.CardGraphicTest" file="/home/kb/dbwebb-kurser/mvc/me/report/tests/Card/CardGraphicTest.php" line="15" assertions="1" time="0.005961"/>
        <testcase name="testGetGraphicSuit" class="App\Card\CardGraphicTest" classname="App.Card.CardGraphicTest" file="/home/kb/dbwebb-kurser/mvc/me/report/tests/Card/CardGraphicTest.php" line="25" assertions="5" time="0.000372"/>
        <testcase name="testGetGraphicSuitEquals" class="App\Card\CardGraphicTest" classname="App.Card.CardGraphicTest" file="/home/kb/dbwebb-kurser/mvc/me/report/tests/Card/CardGraphicTest.php" line="50" assertions="5" time="0.000736"/>
        <testcase name="testGetAsString" class="App\Card\CardGraphicTest" classname="App.Card.CardGraphicTest" file="/home/kb/dbwebb-kurser/mvc/me/report/tests/Card/CardGraphicTest.php" line="81" assertions="5" time="0.000338"/>
        <testcase name="testGetValue" class="App\Card\CardGraphicTest" classname="App.Card.CardGraphicTest" file="/home/kb/dbwebb-kurser/mvc/me/report/tests/Card/CardGraphicTest.php" line="111" assertions="5" time="0.000364"/>
      </testsuite>
      <testsuite name="App\Card\CardTest" file="/home/kb/dbwebb-kurser/mvc/me/report/tests/Card/CardTest.php" tests="3" assertions="7" errors="0" warnings="0" failures="0" skipped="0" time="0.001195">
        <testcase name="testCreateCard" class="App\Card\CardTest" classname="App.Card.CardTest" file="/home/kb/dbwebb-kurser/mvc/me/report/tests/Card/CardTest.php" line="16" assertions="1" time="0.000667"/>
        <testcase name="testGetValue" class="App\Card\CardTest" classname="App.Card.CardTest" file="/home/kb/dbwebb-kurser/mvc/me/report/tests/Card/CardTest.php" line="25" assertions="5" time="0.000281"/>
        <testcase name="testGetSuit" class="App\Card\CardTest" classname="App.Card.CardTest" file="/home/kb/dbwebb-kurser/mvc/me/report/tests/Card/CardTest.php" line="50" assertions="1" time="0.000247"/>
      </testsuite>
      <testsuite name="App\Card\DeckOfCardsTest" file="/home/kb/dbwebb-kurser/mvc/me/report/tests/Card/DeckOfCardsTest.php" tests="8" assertions="11" errors="0" warnings="0" failures="0" skipped="0" time="0.005234">
        <testcase name="testCreateCard" class="App\Card\DeckOfCardsTest" classname="App.Card.DeckOfCardsTest" file="/home/kb/dbwebb-kurser/mvc/me/report/tests/Card/DeckOfCardsTest.php" line="16" assertions="1" time="0.001022"/>
        <testcase name="testGetDeck" class="App\Card\DeckOfCardsTest" classname="App.Card.DeckOfCardsTest" file="/home/kb/dbwebb-kurser/mvc/me/report/tests/Card/DeckOfCardsTest.php" line="25" assertions="2" time="0.000386"/>
        <testcase name="testShuffle" class="App\Card\DeckOfCardsTest" classname="App.Card.DeckOfCardsTest" file="/home/kb/dbwebb-kurser/mvc/me/report/tests/Card/DeckOfCardsTest.php" line="38" assertions="3" time="0.002035"/>
        <testcase name="testDraw" class="App\Card\DeckOfCardsTest" classname="App.Card.DeckOfCardsTest" file="/home/kb/dbwebb-kurser/mvc/me/report/tests/Card/DeckOfCardsTest.php" line="52" assertions="1" time="0.000325"/>
        <testcase name="testGetLast" class="App\Card\DeckOfCardsTest" classname="App.Card.DeckOfCardsTest" file="/home/kb/dbwebb-kurser/mvc/me/report/tests/Card/DeckOfCardsTest.php" line="63" assertions="1" time="0.000320"/>
        <testcase name="testGetSuit" class="App\Card\DeckOfCardsTest" classname="App.Card.DeckOfCardsTest" file="/home/kb/dbwebb-kurser/mvc/me/report/tests/Card/DeckOfCardsTest.php" line="74" assertions="1" time="0.000402"/>
        <testcase name="testCardCount" class="App\Card\DeckOfCardsTest" classname="App.Card.DeckOfCardsTest" file="/home/kb/dbwebb-kurser/mvc/me/report/tests/Card/DeckOfCardsTest.php" line="85" assertions="1" time="0.000320"/>
        <testcase name="testGetAsString" class="App\Card\DeckOfCardsTest" classname="App.Card.DeckOfCardsTest" file="/home/kb/dbwebb-kurser/mvc/me/report/tests/Card/DeckOfCardsTest.php" line="96" assertions="1" time="0.000425"/>
      </testsuite>
      <testsuite name="App\Card\Play21Test" file="/home/kb/dbwebb-kurser/mvc/me/report/tests/Card/Play21Test.php" tests="28" assertions="35" errors="0" warnings="0" failures="0" skipped="0" time="0.013494">
        <testcase name="testCreateGame" class="App\Card\Play21Test" classname="App.Card.Play21Test" file="/home/kb/dbwebb-kurser/mvc/me/report/tests/Card/Play21Test.php" line="18" assertions="5" time="0.001806"/>
        <testcase name="testGetBankScore" class="App\Card\Play21Test" classname="App.Card.Play21Test" file="/home/kb/dbwebb-kurser/mvc/me/report/tests/Card/Play21Test.php" line="37" assertions="1" time="0.000475"/>
        <testcase name="testSetBankScore" class="App\Card\Play21Test" classname="App.Card.Play21Test" file="/home/kb/dbwebb-kurser/mvc/me/report/tests/Card/Play21Test.php" line="48" assertions="1" time="0.000411"/>
        <testcase name="testGetPlayerScore" class="App\Card\Play21Test" classname="App.Card.Play21Test" file="/home/kb/dbwebb-kurser/mvc/me/report/tests/Card/Play21Test.php" line="59" assertions="1" time="0.000447"/>
        <testcase name="testSetPlayerScore" class="App\Card\Play21Test" classname="App.Card.Play21Test" file="/home/kb/dbwebb-kurser/mvc/me/report/tests/Card/Play21Test.php" line="70" assertions="1" time="0.000413"/>
        <testcase name="testGetBankRounds" class="App\Card\Play21Test" classname="App.Card.Play21Test" file="/home/kb/dbwebb-kurser/mvc/me/report/tests/Card/Play21Test.php" line="81" assertions="1" time="0.000409"/>
        <testcase name="testSetBankRounds" class="App\Card\Play21Test" classname="App.Card.Play21Test" file="/home/kb/dbwebb-kurser/mvc/me/report/tests/Card/Play21Test.php" line="93" assertions="1" time="0.000410"/>
        <testcase name="testGetPlayerRounds" class="App\Card\Play21Test" classname="App.Card.Play21Test" file="/home/kb/dbwebb-kurser/mvc/me/report/tests/Card/Play21Test.php" line="106" assertions="1" time="0.000421"/>
        <testcase name="testSetPlayerRounds" class="App\Card\Play21Test" classname="App.Card.Play21Test" file="/home/kb/dbwebb-kurser/mvc/me/report/tests/Card/Play21Test.php" line="118" assertions="1" time="0.000409"/>
        <testcase name="testGetDeck" class="App\Card\Play21Test" classname="App.Card.Play21Test" file="/home/kb/dbwebb-kurser/mvc/me/report/tests/Card/Play21Test.php" line="132" assertions="1" time="0.000408"/>
        <testcase name="testGetRounds" class="App\Card\Play21Test" classname="App.Card.Play21Test" file="/home/kb/dbwebb-kurser/mvc/me/report/tests/Card/Play21Test.php" line="143" assertions="1" time="0.000403"/>
        <testcase name="testSetRounds" class="App\Card\Play21Test" classname="App.Card.Play21Test" file="/home/kb/dbwebb-kurser/mvc/me/report/tests/Card/Play21Test.php" line="155" assertions="1" time="0.000440"/>
        <testcase name="testDraw" class="App\Card\Play21Test" classname="App.Card.Play21Test" file="/home/kb/dbwebb-kurser/mvc/me/report/tests/Card/Play21Test.php" line="168" assertions="1" time="0.000418"/>
        <testcase name="testPlayerHand" class="App\Card\Play21Test" classname="App.Card.Play21Test" file="/home/kb/dbwebb-kurser/mvc/me/report/tests/Card/Play21Test.php" line="179" assertions="1" time="0.000410"/>
        <testcase name="testPlayerDraw" class="App\Card\Play21Test" classname="App.Card.Play21Test" file="/home/kb/dbwebb-kurser/mvc/me/report/tests/Card/Play21Test.php" line="190" assertions="1" time="0.000468"/>
        <testcase name="testBankHand" class="App\Card\Play21Test" classname="App.Card.Play21Test" file="/home/kb/dbwebb-kurser/mvc/me/report/tests/Card/Play21Test.php" line="201" assertions="1" time="0.000442"/>
        <testcase name="testBankDraw" class="App\Card\Play21Test" classname="App.Card.Play21Test" file="/home/kb/dbwebb-kurser/mvc/me/report/tests/Card/Play21Test.php" line="212" assertions="1" time="0.000440"/>
        <testcase name="testClearHands" class="App\Card\Play21Test" classname="App.Card.Play21Test" file="/home/kb/dbwebb-kurser/mvc/me/report/tests/Card/Play21Test.php" line="223" assertions="4" time="0.000469"/>
        <testcase name="testPlayerWinnsBy21" class="App\Card\Play21Test" classname="App.Card.Play21Test" file="/home/kb/dbwebb-kurser/mvc/me/report/tests/Card/Play21Test.php" line="247" assertions="1" time="0.000424"/>
        <testcase name="testPlayerOver21" class="App\Card\Play21Test" classname="App.Card.Play21Test" file="/home/kb/dbwebb-kurser/mvc/me/report/tests/Card/Play21Test.php" line="262" assertions="1" time="0.000517"/>
        <testcase name="testPlayerAndBankIsEqual" class="App\Card\Play21Test" classname="App.Card.Play21Test" file="/home/kb/dbwebb-kurser/mvc/me/report/tests/Card/Play21Test.php" line="277" assertions="1" time="0.000424"/>
        <testcase name="testBankWinnsBy21" class="App\Card\Play21Test" classname="App.Card.Play21Test" file="/home/kb/dbwebb-kurser/mvc/me/report/tests/Card/Play21Test.php" line="292" assertions="1" time="0.000424"/>
        <testcase name="testBankOver21" class="App\Card\Play21Test" classname="App.Card.Play21Test" file="/home/kb/dbwebb-kurser/mvc/me/report/tests/Card/Play21Test.php" line="307" assertions="1" time="0.000422"/>
        <testcase name="testBankHigherThanPlayerAndLowerThan21" class="App\Card\Play21Test" classname="App.Card.Play21Test" file="/home/kb/dbwebb-kurser/mvc/me/report/tests/Card/Play21Test.php" line="322" assertions="1" time="0.000422"/>
        <testcase name="testBustOrWinnPlayer21" class="App\Card\Play21Test" classname="App.Card.Play21Test" file="/home/kb/dbwebb-kurser/mvc/me/report/tests/Card/Play21Test.php" line="337" assertions="1" time="0.000432"/>
        <testcase name="testBustOrWinnPlayerOver21" class="App\Card\Play21Test" classname="App.Card.Play21Test" file="/home/kb/dbwebb-kurser/mvc/me/report/tests/Card/Play21Test.php" line="352" assertions="1" time="0.000436"/>
        <testcase name="testBustOrWinnBank21" class="App\Card\Play21Test" classname="App.Card.Play21Test" file="/home/kb/dbwebb-kurser/mvc/me/report/tests/Card/Play21Test.php" line="367" assertions="1" time="0.000469"/>
        <testcase name="testBustOrWinnBankOver21" class="App\Card\Play21Test" classname="App.Card.Play21Test" file="/home/kb/dbwebb-kurser/mvc/me/report/tests/Card/Play21Test.php" line="382" assertions="1" time="0.000424"/>
      </testsuite>
      <testsuite name="App\tests\Controller\testGame21Controller" file="/home/kb/dbwebb-kurser/mvc/me/report/tests/Controller/Card21ControllerTest.php" tests="2" assertions="4" errors="0" warnings="0" failures="0" skipped="0" time="0.435359">
        <testcase name="testHome21" class="App\tests\Controller\testGame21Controller" classname="App.tests.Controller.testGame21Controller" file="/home/kb/dbwebb-kurser/mvc/me/report/tests/Controller/Card21ControllerTest.php" line="17" assertions="3" time="0.421478"/>
        <testcase name="testDoc21" class="App\tests\Controller\testGame21Controller" classname="App.tests.Controller.testGame21Controller" file="/home/kb/dbwebb-kurser/mvc/me/report/tests/Controller/Card21ControllerTest.php" line="28" assertions="1" time="0.013880"/>
      </testsuite>
      <testsuite name="App\tests\Controller\test21GameControllerJson" file="/home/kb/dbwebb-kurser/mvc/me/report/tests/Controller/CardGame21ControllerJsonTest.php" tests="2" assertions="2" errors="0" warnings="0" failures="0" skipped="0" time="0.016186">
        <testcase name="testApiGame" class="App\tests\Controller\test21GameControllerJson" classname="App.tests.Controller.test21GameControllerJson" file="/home/kb/dbwebb-kurser/mvc/me/report/tests/Controller/CardGame21ControllerJsonTest.php" line="14" assertions="1" time="0.007991"/>
        <testcase name="testApiSchuffle" class="App\tests\Controller\test21GameControllerJson" classname="App.tests.Controller.test21GameControllerJson" file="/home/kb/dbwebb-kurser/mvc/me/report/tests/Controller/CardGame21ControllerJsonTest.php" line="24" assertions="1" time="0.008195"/>
      </testsuite>
      <testsuite name="App\tests\Controller\testGameControllerJson" file="/home/kb/dbwebb-kurser/mvc/me/report/tests/Controller/CardGameControllerJsonTest.php" tests="2" assertions="2" errors="0" warnings="0" failures="0" skipped="0" time="0.016919">
        <testcase name="testApiDeck" class="App\tests\Controller\testGameControllerJson" classname="App.tests.Controller.testGameControllerJson" file="/home/kb/dbwebb-kurser/mvc/me/report/tests/Controller/CardGameControllerJsonTest.php" line="14" assertions="1" time="0.008624"/>
        <testcase name="testApiSchuffle" class="App\tests\Controller\testGameControllerJson" classname="App.tests.Controller.testGameControllerJson" file="/home/kb/dbwebb-kurser/mvc/me/report/tests/Controller/CardGameControllerJsonTest.php" line="24" assertions="1" time="0.008295"/>
      </testsuite>
      <testsuite name="App\tests\Controller\testGameController" file="/home/kb/dbwebb-kurser/mvc/me/report/tests/Controller/CardGameControllerTest.php" tests="6" assertions="8" errors="0" warnings="0" failures="0" skipped="0" time="0.111196">
        <testcase name="testHome" class="App\tests\Controller\testGameController" classname="App.tests.Controller.testGameController" file="/home/kb/dbwebb-kurser/mvc/me/report/tests/Controller/CardGameControllerTest.php" line="14" assertions="3" time="0.014656"/>
        <testcase name="testTest" class="App\tests\Controller\testGameController" classname="App.tests.Controller.testGameController" file="/home/kb/dbwebb-kurser/mvc/me/report/tests/Controller/CardGameControllerTest.php" line="27" assertions="1" time="0.012486"/>
        <testcase name="testPlay" class="App\tests\Controller\testGameController" classname="App.tests.Controller.testGameController" file="/home/kb/dbwebb-kurser/mvc/me/report/tests/Controller/CardGameControllerTest.php" line="34" assertions="1" time="0.015396"/>
        <testcase name="testSessionDestroy" class="App\tests\Controller\testGameController" classname="App.tests.Controller.testGameController" file="/home/kb/dbwebb-kurser/mvc/me/report/tests/Controller/CardGameControllerTest.php" line="41" assertions="1" time="0.011743"/>
        <testcase name="testDeck" class="App\tests\Controller\testGameController" classname="App.tests.Controller.testGameController" file="/home/kb/dbwebb-kurser/mvc/me/report/tests/Controller/CardGameControllerTest.php" line="48" assertions="1" time="0.028319"/>
        <testcase name="testShuffle" class="App\tests\Controller\testGameController" classname="App.tests.Controller.testGameController" file="/home/kb/dbwebb-kurser/mvc/me/report/tests/Controller/CardGameControllerTest.php" line="55" assertions="1" time="0.028597"/>
      </testsuite>
      <testsuite name="App\tests\Controller\testDiceGameController" file="/home/kb/dbwebb-kurser/mvc/me/report/tests/Controller/DiceGameControllerTest.php" tests="4" assertions="6" errors="0" warnings="0" failures="0" skipped="0" time="0.048273">
        <testcase name="testHome" class="App\tests\Controller\testDiceGameController" classname="App.tests.Controller.testDiceGameController" file="/home/kb/dbwebb-kurser/mvc/me/report/tests/Controller/DiceGameControllerTest.php" line="14" assertions="3" time="0.012706"/>
        <testcase name="testTestRollDice" class="App\tests\Controller\testDiceGameController" classname="App.tests.Controller.testDiceGameController" file="/home/kb/dbwebb-kurser/mvc/me/report/tests/Controller/DiceGameControllerTest.php" line="25" assertions="1" time="0.013590"/>
        <testcase name="testTestRollDices" class="App\tests\Controller\testDiceGameController" classname="App.tests.Controller.testDiceGameController" file="/home/kb/dbwebb-kurser/mvc/me/report/tests/Controller/DiceGameControllerTest.php" line="32" assertions="1" time="0.011018"/>
        <testcase name="testInitCallback" class="App\tests\Controller\testDiceGameController" classname="App.tests.Controller.testDiceGameController" file="/home/kb/dbwebb-kurser/mvc/me/report/tests/Controller/DiceGameControllerTest.php" line="39" assertions="1" time="0.010958"/>
      </testsuite>
      <testsuite name="App\tests\Controller\LibraryControllerJsonTest" file="/home/kb/dbwebb-kurser/mvc/me/report/tests/Controller/LibraryControllerJsonTest.php" tests="2" assertions="2" errors="0" warnings="0" failures="0" skipped="0" time="0.081308">
        <testcase name="testApiShowAllBooks" class="App\tests\Controller\LibraryControllerJsonTest" classname="App.tests.Controller.LibraryControllerJsonTest" file="/home/kb/dbwebb-kurser/mvc/me/report/tests/Controller/LibraryControllerJsonTest.php" line="18" assertions="1" time="0.066472"/>
        <testcase name="testFindByIsbn" class="App\tests\Controller\LibraryControllerJsonTest" classname="App.tests.Controller.LibraryControllerJsonTest" file="/home/kb/dbwebb-kurser/mvc/me/report/tests/Controller/LibraryControllerJsonTest.php" line="28" assertions="1" time="0.014836"/>
      </testsuite>
      <testsuite name="App\tests\Controller\testLibraryController" file="/home/kb/dbwebb-kurser/mvc/me/report/tests/Controller/LibraryControllerTest.php" tests="6" assertions="6" errors="0" warnings="0" failures="0" skipped="0" time="0.153784">
        <testcase name="testIndex" class="App\tests\Controller\testLibraryController" classname="App.tests.Controller.testLibraryController" file="/home/kb/dbwebb-kurser/mvc/me/report/tests/Controller/LibraryControllerTest.php" line="17" assertions="1" time="0.011983"/>
        <testcase name="testReset" class="App\tests\Controller\testLibraryController" classname="App.tests.Controller.testLibraryController" file="/home/kb/dbwebb-kurser/mvc/me/report/tests/Controller/LibraryControllerTest.php" line="28" assertions="1" time="0.071200"/>
        <testcase name="testCreate" class="App\tests\Controller\testLibraryController" classname="App.tests.Controller.testLibraryController" file="/home/kb/dbwebb-kurser/mvc/me/report/tests/Controller/LibraryControllerTest.php" line="37" assertions="1" time="0.013468"/>
        <testcase name="testViewAllLibrary" class="App\tests\Controller\testLibraryController" classname="App.tests.Controller.testLibraryController" file="/home/kb/dbwebb-kurser/mvc/me/report/tests/Controller/LibraryControllerTest.php" line="46" assertions="1" time="0.023378"/>
        <testcase name="testViewLibraryById" class="App\tests\Controller\testLibraryController" classname="App.tests.Controller.testLibraryController" file="/home/kb/dbwebb-kurser/mvc/me/report/tests/Controller/LibraryControllerTest.php" line="55" assertions="1" time="0.017537"/>
        <testcase name="testDeleteLibraryById" class="App\tests\Controller\testLibraryController" classname="App.tests.Controller.testLibraryController" file="/home/kb/dbwebb-kurser/mvc/me/report/tests/Controller/LibraryControllerTest.php" line="64" assertions="1" time="0.016219"/>
      </testsuite>
      <testsuite name="App\tests\Controller\testMyPageController" file="/home/kb/dbwebb-kurser/mvc/me/report/tests/Controller/MyPageControllerTest.php" tests="7" assertions="7" errors="0" warnings="0" failures="0" skipped="0" time="0.127399">
        <testcase name="testMeRoute" class="App\tests\Controller\testMyPageController" classname="App.tests.Controller.testMyPageController" file="/home/kb/dbwebb-kurser/mvc/me/report/tests/Controller/MyPageControllerTest.php" line="17" assertions="1" time="0.012128"/>
        <testcase name="testAbout" class="App\tests\Controller\testMyPageController" classname="App.tests.Controller.testMyPageController" file="/home/kb/dbwebb-kurser/mvc/me/report/tests/Controller/MyPageControllerTest.php" line="28" assertions="1" time="0.011771"/>
        <testcase name="testReport" class="App\tests\Controller\testMyPageController" classname="App.tests.Controller.testMyPageController" file="/home/kb/dbwebb-kurser/mvc/me/report/tests/Controller/MyPageControllerTest.php" line="37" assertions="1" time="0.024432"/>
        <testcase name="testLycky" class="App\tests\Controller\testMyPageController" classname="App.tests.Controller.testMyPageController" file="/home/kb/dbwebb-kurser/mvc/me/report/tests/Controller/MyPageControllerTest.php" line="46" assertions="1" time="0.011533"/>
        <testcase name="testStart" class="App\tests\Controller\testMyPageController" classname="App.tests.Controller.testMyPageController" file="/home/kb/dbwebb-kurser/mvc/me/report/tests/Controller/MyPageControllerTest.php" line="55" assertions="1" time="0.011126"/>
        <testcase name="testApi" class="App\tests\Controller\testMyPageController" classname="App.tests.Controller.testMyPageController" file="/home/kb/dbwebb-kurser/mvc/me/report/tests/Controller/MyPageControllerTest.php" line="64" assertions="1" time="0.014683"/>
        <testcase name="testMetrics" class="App\tests\Controller\testMyPageController" classname="App.tests.Controller.testMyPageController" file="/home/kb/dbwebb-kurser/mvc/me/report/tests/Controller/MyPageControllerTest.php" line="73" assertions="1" time="0.041726"/>
      </testsuite>
      <testsuite name="App\Dice\DiceGraphicTest" file="/home/kb/dbwebb-kurser/mvc/me/report/tests/Dice/DiceGraphicTest.php" tests="1" assertions="2" errors="0" warnings="0" failures="0" skipped="0" time="0.000758">
        <testcase name="testCreateDiceGraphic" class="App\Dice\DiceGraphicTest" classname="App.Dice.DiceGraphicTest" file="/home/kb/dbwebb-kurser/mvc/me/report/tests/Dice/DiceGraphicTest.php" line="16" assertions="2" time="0.000758"/>
      </testsuite>
      <testsuite name="App\Dice\DiceHandTest" file="/home/kb/dbwebb-kurser/mvc/me/report/tests/Dice/DiceHandTest.php" tests="6" assertions="6" errors="0" warnings="0" failures="0" skipped="0" time="0.013107">
        <testcase name="testCreateDiceHand" class="App\Dice\DiceHandTest" classname="App.Dice.DiceHandTest" file="/home/kb/dbwebb-kurser/mvc/me/report/tests/Dice/DiceHandTest.php" line="16" assertions="1" time="0.000700"/>
        <testcase name="testgetValues" class="App\Dice\DiceHandTest" classname="App.Dice.DiceHandTest" file="/home/kb/dbwebb-kurser/mvc/me/report/tests/Dice/DiceHandTest.php" line="25" assertions="1" time="0.000295"/>
        <testcase name="testStubRollDiceLastRoll" class="App\Dice\DiceHandTest" classname="App.Dice.DiceHandTest" file="/home/kb/dbwebb-kurser/mvc/me/report/tests/Dice/DiceHandTest.php" line="38" assertions="1" time="0.011238"/>
        <testcase name="testGetNumberDices" class="App\Dice\DiceHandTest" classname="App.Dice.DiceHandTest" file="/home/kb/dbwebb-kurser/mvc/me/report/tests/Dice/DiceHandTest.php" line="55" assertions="1" time="0.000286"/>
        <testcase name="testRoll" class="App\Dice\DiceHandTest" classname="App.Dice.DiceHandTest" file="/home/kb/dbwebb-kurser/mvc/me/report/tests/Dice/DiceHandTest.php" line="70" assertions="1" time="0.000297"/>
        <testcase name="testGetString" class="App\Dice\DiceHandTest" classname="App.Dice.DiceHandTest" file="/home/kb/dbwebb-kurser/mvc/me/report/tests/Dice/DiceHandTest.php" line="86" assertions="1" time="0.000291"/>
      </testsuite>
      <testsuite name="App\Dice\DiceTest" file="/home/kb/dbwebb-kurser/mvc/me/report/tests/Dice/DiceTest.php" tests="3" assertions="4" errors="0" warnings="0" failures="0" skipped="0" time="0.001053">
        <testcase name="testCreateDice" class="App\Dice\DiceTest" classname="App.Dice.DiceTest" file="/home/kb/dbwebb-kurser/mvc/me/report/tests/Dice/DiceTest.php" line="16" assertions="2" time="0.000286"/>
        <testcase name="testStubRollDiceLastRoll" class="App\Dice\DiceTest" classname="App.Dice.DiceTest" file="/home/kb/dbwebb-kurser/mvc/me/report/tests/Dice/DiceTest.php" line="28" assertions="1" time="0.000485"/>
        <testcase name="testgetValue" class="App\Dice\DiceTest" classname="App.Dice.DiceTest" file="/home/kb/dbwebb-kurser/mvc/me/report/tests/Dice/DiceTest.php" line="42" assertions="1" time="0.000282"/>
      </testsuite>
    </testsuite>
  </testsuite>
</testsuites>
