<?xml version="1.0" encoding="UTF-8"?>
<testsuites>
  <testsuite name="" tests="86" assertions="124" errors="0" warnings="0" failures="0" skipped="0" time="0.988968">
    <testsuite name="Project Test Suite" tests="86" assertions="124" errors="0" warnings="0" failures="0" skipped="0" time="0.988968">
      <testsuite name="App\Card\CardGraphicTest" file="/home/kb/dbwebb-kurser/mvc/me/report/tests/Card/CardGraphicTest.php" tests="5" assertions="21" errors="0" warnings="0" failures="0" skipped="0" time="0.010460">
        <testcase name="testcardAsString" class="App\Card\CardGraphicTest" classname="App.Card.CardGraphicTest" file="/home/kb/dbwebb-kurser/mvc/me/report/tests/Card/CardGraphicTest.php" line="15" assertions="1" time="0.007983"/>
        <testcase name="testGetGraphicSuit" class="App\Card\CardGraphicTest" classname="App.Card.CardGraphicTest" file="/home/kb/dbwebb-kurser/mvc/me/report/tests/Card/CardGraphicTest.php" line="25" assertions="5" time="0.000637"/>
        <testcase name="testGetGraphicSuitEquals" class="App\Card\CardGraphicTest" classname="App.Card.CardGraphicTest" file="/home/kb/dbwebb-kurser/mvc/me/report/tests/Card/CardGraphicTest.php" line="50" assertions="5" time="0.000873"/>
        <testcase name="testGetAsString" class="App\Card\CardGraphicTest" classname="App.Card.CardGraphicTest" file="/home/kb/dbwebb-kurser/mvc/me/report/tests/Card/CardGraphicTest.php" line="81" assertions="5" time="0.000539"/>
        <testcase name="testGetValue" class="App\Card\CardGraphicTest" classname="App.Card.CardGraphicTest" file="/home/kb/dbwebb-kurser/mvc/me/report/tests/Card/CardGraphicTest.php" line="111" assertions="5" time="0.000428"/>
      </testsuite>
      <testsuite name="App\Card\CardTest" file="/home/kb/dbwebb-kurser/mvc/me/report/tests/Card/CardTest.php" tests="3" assertions="7" errors="0" warnings="0" failures="0" skipped="0" time="0.001693">
        <testcase name="testCreateCard" class="App\Card\CardTest" classname="App.Card.CardTest" file="/home/kb/dbwebb-kurser/mvc/me/report/tests/Card/CardTest.php" line="16" assertions="1" time="0.000912"/>
        <testcase name="testGetValue" class="App\Card\CardTest" classname="App.Card.CardTest" file="/home/kb/dbwebb-kurser/mvc/me/report/tests/Card/CardTest.php" line="25" assertions="5" time="0.000419"/>
        <testcase name="testGetSuit" class="App\Card\CardTest" classname="App.Card.CardTest" file="/home/kb/dbwebb-kurser/mvc/me/report/tests/Card/CardTest.php" line="50" assertions="1" time="0.000362"/>
      </testsuite>
      <testsuite name="App\Card\DeckOfCardsTest" file="/home/kb/dbwebb-kurser/mvc/me/report/tests/Card/DeckOfCardsTest.php" tests="8" assertions="11" errors="0" warnings="0" failures="0" skipped="0" time="0.006516">
        <testcase name="testCreateCard" class="App\Card\DeckOfCardsTest" classname="App.Card.DeckOfCardsTest" file="/home/kb/dbwebb-kurser/mvc/me/report/tests/Card/DeckOfCardsTest.php" line="16" assertions="1" time="0.001270"/>
        <testcase name="testGetDeck" class="App\Card\DeckOfCardsTest" classname="App.Card.DeckOfCardsTest" file="/home/kb/dbwebb-kurser/mvc/me/report/tests/Card/DeckOfCardsTest.php" line="25" assertions="2" time="0.000426"/>
        <testcase name="testShuffle" class="App\Card\DeckOfCardsTest" classname="App.Card.DeckOfCardsTest" file="/home/kb/dbwebb-kurser/mvc/me/report/tests/Card/DeckOfCardsTest.php" line="38" assertions="3" time="0.002244"/>
        <testcase name="testDraw" class="App\Card\DeckOfCardsTest" classname="App.Card.DeckOfCardsTest" file="/home/kb/dbwebb-kurser/mvc/me/report/tests/Card/DeckOfCardsTest.php" line="52" assertions="1" time="0.000388"/>
        <testcase name="testGetLast" class="App\Card\DeckOfCardsTest" classname="App.Card.DeckOfCardsTest" file="/home/kb/dbwebb-kurser/mvc/me/report/tests/Card/DeckOfCardsTest.php" line="63" assertions="1" time="0.000425"/>
        <testcase name="testGetSuit" class="App\Card\DeckOfCardsTest" classname="App.Card.DeckOfCardsTest" file="/home/kb/dbwebb-kurser/mvc/me/report/tests/Card/DeckOfCardsTest.php" line="74" assertions="1" time="0.000491"/>
        <testcase name="testCardCount" class="App\Card\DeckOfCardsTest" classname="App.Card.DeckOfCardsTest" file="/home/kb/dbwebb-kurser/mvc/me/report/tests/Card/DeckOfCardsTest.php" line="85" assertions="1" time="0.000411"/>
        <testcase name="testGetAsString" class="App\Card\DeckOfCardsTest" classname="App.Card.DeckOfCardsTest" file="/home/kb/dbwebb-kurser/mvc/me/report/tests/Card/DeckOfCardsTest.php" line="96" assertions="1" time="0.000860"/>
      </testsuite>
      <testsuite name="App\Card\Play21Test" file="/home/kb/dbwebb-kurser/mvc/me/report/tests/Card/Play21Test.php" tests="28" assertions="35" errors="0" warnings="0" failures="0" skipped="0" time="0.020566">
        <testcase name="testCreateGame" class="App\Card\Play21Test" classname="App.Card.Play21Test" file="/home/kb/dbwebb-kurser/mvc/me/report/tests/Card/Play21Test.php" line="18" assertions="5" time="0.002705"/>
        <testcase name="testGetBankScore" class="App\Card\Play21Test" classname="App.Card.Play21Test" file="/home/kb/dbwebb-kurser/mvc/me/report/tests/Card/Play21Test.php" line="37" assertions="1" time="0.000649"/>
        <testcase name="testSetBankScore" class="App\Card\Play21Test" classname="App.Card.Play21Test" file="/home/kb/dbwebb-kurser/mvc/me/report/tests/Card/Play21Test.php" line="48" assertions="1" time="0.000637"/>
        <testcase name="testGetPlayerScore" class="App\Card\Play21Test" classname="App.Card.Play21Test" file="/home/kb/dbwebb-kurser/mvc/me/report/tests/Card/Play21Test.php" line="59" assertions="1" time="0.000627"/>
        <testcase name="testSetPlayerScore" class="App\Card\Play21Test" classname="App.Card.Play21Test" file="/home/kb/dbwebb-kurser/mvc/me/report/tests/Card/Play21Test.php" line="70" assertions="1" time="0.000620"/>
        <testcase name="testGetBankRounds" class="App\Card\Play21Test" classname="App.Card.Play21Test" file="/home/kb/dbwebb-kurser/mvc/me/report/tests/Card/Play21Test.php" line="81" assertions="1" time="0.000623"/>
        <testcase name="testSetBankRounds" class="App\Card\Play21Test" classname="App.Card.Play21Test" file="/home/kb/dbwebb-kurser/mvc/me/report/tests/Card/Play21Test.php" line="93" assertions="1" time="0.000630"/>
        <testcase name="testGetPlayerRounds" class="App\Card\Play21Test" classname="App.Card.Play21Test" file="/home/kb/dbwebb-kurser/mvc/me/report/tests/Card/Play21Test.php" line="106" assertions="1" time="0.000619"/>
        <testcase name="testSetPlayerRounds" class="App\Card\Play21Test" classname="App.Card.Play21Test" file="/home/kb/dbwebb-kurser/mvc/me/report/tests/Card/Play21Test.php" line="118" assertions="1" time="0.000659"/>
        <testcase name="testGetDeck" class="App\Card\Play21Test" classname="App.Card.Play21Test" file="/home/kb/dbwebb-kurser/mvc/me/report/tests/Card/Play21Test.php" line="132" assertions="1" time="0.000648"/>
        <testcase name="testGetRounds" class="App\Card\Play21Test" classname="App.Card.Play21Test" file="/home/kb/dbwebb-kurser/mvc/me/report/tests/Card/Play21Test.php" line="143" assertions="1" time="0.000631"/>
        <testcase name="testSetRounds" class="App\Card\Play21Test" classname="App.Card.Play21Test" file="/home/kb/dbwebb-kurser/mvc/me/report/tests/Card/Play21Test.php" line="155" assertions="1" time="0.000644"/>
        <testcase name="testDraw" class="App\Card\Play21Test" classname="App.Card.Play21Test" file="/home/kb/dbwebb-kurser/mvc/me/report/tests/Card/Play21Test.php" line="168" assertions="1" time="0.000651"/>
        <testcase name="testPlayerHand" class="App\Card\Play21Test" classname="App.Card.Play21Test" file="/home/kb/dbwebb-kurser/mvc/me/report/tests/Card/Play21Test.php" line="179" assertions="1" time="0.000774"/>
        <testcase name="testPlayerDraw" class="App\Card\Play21Test" classname="App.Card.Play21Test" file="/home/kb/dbwebb-kurser/mvc/me/report/tests/Card/Play21Test.php" line="190" assertions="1" time="0.000660"/>
        <testcase name="testBankHand" class="App\Card\Play21Test" classname="App.Card.Play21Test" file="/home/kb/dbwebb-kurser/mvc/me/report/tests/Card/Play21Test.php" line="201" assertions="1" time="0.000632"/>
        <testcase name="testBankDraw" class="App\Card\Play21Test" classname="App.Card.Play21Test" file="/home/kb/dbwebb-kurser/mvc/me/report/tests/Card/Play21Test.php" line="212" assertions="1" time="0.000693"/>
        <testcase name="testClearHands" class="App\Card\Play21Test" classname="App.Card.Play21Test" file="/home/kb/dbwebb-kurser/mvc/me/report/tests/Card/Play21Test.php" line="223" assertions="4" time="0.000734"/>
        <testcase name="testPlayerWinnsBy21" class="App\Card\Play21Test" classname="App.Card.Play21Test" file="/home/kb/dbwebb-kurser/mvc/me/report/tests/Card/Play21Test.php" line="247" assertions="1" time="0.000820"/>
        <testcase name="testPlayerOver21" class="App\Card\Play21Test" classname="App.Card.Play21Test" file="/home/kb/dbwebb-kurser/mvc/me/report/tests/Card/Play21Test.php" line="262" assertions="1" time="0.000679"/>
        <testcase name="testPlayerAndBankIsEqual" class="App\Card\Play21Test" classname="App.Card.Play21Test" file="/home/kb/dbwebb-kurser/mvc/me/report/tests/Card/Play21Test.php" line="277" assertions="1" time="0.000652"/>
        <testcase name="testBankWinnsBy21" class="App\Card\Play21Test" classname="App.Card.Play21Test" file="/home/kb/dbwebb-kurser/mvc/me/report/tests/Card/Play21Test.php" line="292" assertions="1" time="0.000651"/>
        <testcase name="testBankOver21" class="App\Card\Play21Test" classname="App.Card.Play21Test" file="/home/kb/dbwebb-kurser/mvc/me/report/tests/Card/Play21Test.php" line="307" assertions="1" time="0.000660"/>
        <testcase name="testBankHigherThanPlayerAndLowerThan21" class="App\Card\Play21Test" classname="App.Card.Play21Test" file="/home/kb/dbwebb-kurser/mvc/me/report/tests/Card/Play21Test.php" line="322" assertions="1" time="0.000666"/>
        <testcase name="testBustOrWinnPlayer21" class="App\Card\Play21Test" classname="App.Card.Play21Test" file="/home/kb/dbwebb-kurser/mvc/me/report/tests/Card/Play21Test.php" line="337" assertions="1" time="0.000644"/>
        <testcase name="testBustOrWinnPlayerOver21" class="App\Card\Play21Test" classname="App.Card.Play21Test" file="/home/kb/dbwebb-kurser/mvc/me/report/tests/Card/Play21Test.php" line="352" assertions="1" time="0.000641"/>
        <testcase name="testBustOrWinnBank21" class="App\Card\Play21Test" classname="App.Card.Play21Test" file="/home/kb/dbwebb-kurser/mvc/me/report/tests/Card/Play21Test.php" line="367" assertions="1" time="0.000642"/>
        <testcase name="testBustOrWinnBankOver21" class="App\Card\Play21Test" classname="App.Card.Play21Test" file="/home/kb/dbwebb-kurser/mvc/me/report/tests/Card/Play21Test.php" line="382" assertions="1" time="0.000675"/>
      </testsuite>
      <testsuite name="App\Card\PlayBlackjackTest" file="/home/kb/dbwebb-kurser/mvc/me/report/tests/Card/PlayBlackjackTest.php" tests="1" assertions="1" errors="0" warnings="0" failures="0" skipped="0" time="0.002779">
        <testcase name="testCreateGame" class="App\Card\PlayBlackjackTest" classname="App.Card.PlayBlackjackTest" file="/home/kb/dbwebb-kurser/mvc/me/report/tests/Card/PlayBlackjackTest.php" line="18" assertions="1" time="0.002779"/>
      </testsuite>
      <testsuite name="App\tests\Controller\testGame21Controller" file="/home/kb/dbwebb-kurser/mvc/me/report/tests/Controller/Card21ControllerTest.php" tests="2" assertions="4" errors="0" warnings="0" failures="0" skipped="0" time="0.275016">
        <testcase name="testHome21" class="App\tests\Controller\testGame21Controller" classname="App.tests.Controller.testGame21Controller" file="/home/kb/dbwebb-kurser/mvc/me/report/tests/Controller/Card21ControllerTest.php" line="17" assertions="3" time="0.258347"/>
        <testcase name="testDoc21" class="App\tests\Controller\testGame21Controller" classname="App.tests.Controller.testGame21Controller" file="/home/kb/dbwebb-kurser/mvc/me/report/tests/Controller/Card21ControllerTest.php" line="28" assertions="1" time="0.016668"/>
      </testsuite>
      <testsuite name="App\tests\Controller\test21GameControllerJson" file="/home/kb/dbwebb-kurser/mvc/me/report/tests/Controller/CardGame21ControllerJsonTest.php" tests="2" assertions="2" errors="0" warnings="0" failures="0" skipped="0" time="0.019105">
        <testcase name="testApiGame" class="App\tests\Controller\test21GameControllerJson" classname="App.tests.Controller.test21GameControllerJson" file="/home/kb/dbwebb-kurser/mvc/me/report/tests/Controller/CardGame21ControllerJsonTest.php" line="14" assertions="1" time="0.009344"/>
        <testcase name="testApiSchuffle" class="App\tests\Controller\test21GameControllerJson" classname="App.tests.Controller.test21GameControllerJson" file="/home/kb/dbwebb-kurser/mvc/me/report/tests/Controller/CardGame21ControllerJsonTest.php" line="24" assertions="1" time="0.009761"/>
      </testsuite>
      <testsuite name="App\tests\Controller\testGameControllerJson" file="/home/kb/dbwebb-kurser/mvc/me/report/tests/Controller/CardGameControllerJsonTest.php" tests="2" assertions="2" errors="0" warnings="0" failures="0" skipped="0" time="0.023324">
        <testcase name="testApiDeck" class="App\tests\Controller\testGameControllerJson" classname="App.tests.Controller.testGameControllerJson" file="/home/kb/dbwebb-kurser/mvc/me/report/tests/Controller/CardGameControllerJsonTest.php" line="14" assertions="1" time="0.010807"/>
        <testcase name="testApiSchuffle" class="App\tests\Controller\testGameControllerJson" classname="App.tests.Controller.testGameControllerJson" file="/home/kb/dbwebb-kurser/mvc/me/report/tests/Controller/CardGameControllerJsonTest.php" line="24" assertions="1" time="0.012517"/>
      </testsuite>
      <testsuite name="App\tests\Controller\testGameController" file="/home/kb/dbwebb-kurser/mvc/me/report/tests/Controller/CardGameControllerTest.php" tests="6" assertions="8" errors="0" warnings="0" failures="0" skipped="0" time="0.144524">
        <testcase name="testHome" class="App\tests\Controller\testGameController" classname="App.tests.Controller.testGameController" file="/home/kb/dbwebb-kurser/mvc/me/report/tests/Controller/CardGameControllerTest.php" line="14" assertions="3" time="0.022301"/>
        <testcase name="testTest" class="App\tests\Controller\testGameController" classname="App.tests.Controller.testGameController" file="/home/kb/dbwebb-kurser/mvc/me/report/tests/Controller/CardGameControllerTest.php" line="27" assertions="1" time="0.018143"/>
        <testcase name="testPlay" class="App\tests\Controller\testGameController" classname="App.tests.Controller.testGameController" file="/home/kb/dbwebb-kurser/mvc/me/report/tests/Controller/CardGameControllerTest.php" line="34" assertions="1" time="0.017325"/>
        <testcase name="testSessionDestroy" class="App\tests\Controller\testGameController" classname="App.tests.Controller.testGameController" file="/home/kb/dbwebb-kurser/mvc/me/report/tests/Controller/CardGameControllerTest.php" line="41" assertions="1" time="0.014215"/>
        <testcase name="testDeck" class="App\tests\Controller\testGameController" classname="App.tests.Controller.testGameController" file="/home/kb/dbwebb-kurser/mvc/me/report/tests/Controller/CardGameControllerTest.php" line="48" assertions="1" time="0.034488"/>
        <testcase name="testShuffle" class="App\tests\Controller\testGameController" classname="App.tests.Controller.testGameController" file="/home/kb/dbwebb-kurser/mvc/me/report/tests/Controller/CardGameControllerTest.php" line="55" assertions="1" time="0.038051"/>
      </testsuite>
      <testsuite name="App\tests\Controller\testDiceGameController" file="/home/kb/dbwebb-kurser/mvc/me/report/tests/Controller/DiceGameControllerTest.php" tests="4" assertions="6" errors="0" warnings="0" failures="0" skipped="0" time="0.067406">
        <testcase name="testHome" class="App\tests\Controller\testDiceGameController" classname="App.tests.Controller.testDiceGameController" file="/home/kb/dbwebb-kurser/mvc/me/report/tests/Controller/DiceGameControllerTest.php" line="14" assertions="3" time="0.015259"/>
        <testcase name="testTestRollDice" class="App\tests\Controller\testDiceGameController" classname="App.tests.Controller.testDiceGameController" file="/home/kb/dbwebb-kurser/mvc/me/report/tests/Controller/DiceGameControllerTest.php" line="25" assertions="1" time="0.018651"/>
        <testcase name="testTestRollDices" class="App\tests\Controller\testDiceGameController" classname="App.tests.Controller.testDiceGameController" file="/home/kb/dbwebb-kurser/mvc/me/report/tests/Controller/DiceGameControllerTest.php" line="32" assertions="1" time="0.016664"/>
        <testcase name="testInitCallback" class="App\tests\Controller\testDiceGameController" classname="App.tests.Controller.testDiceGameController" file="/home/kb/dbwebb-kurser/mvc/me/report/tests/Controller/DiceGameControllerTest.php" line="39" assertions="1" time="0.016832"/>
      </testsuite>
      <testsuite name="App\tests\Controller\LibraryControllerJsonTest" file="/home/kb/dbwebb-kurser/mvc/me/report/tests/Controller/LibraryControllerJsonTest.php" tests="2" assertions="2" errors="0" warnings="0" failures="0" skipped="0" time="0.096403">
        <testcase name="testApiShowAllBooks" class="App\tests\Controller\LibraryControllerJsonTest" classname="App.tests.Controller.LibraryControllerJsonTest" file="/home/kb/dbwebb-kurser/mvc/me/report/tests/Controller/LibraryControllerJsonTest.php" line="18" assertions="1" time="0.079909"/>
        <testcase name="testFindByIsbn" class="App\tests\Controller\LibraryControllerJsonTest" classname="App.tests.Controller.LibraryControllerJsonTest" file="/home/kb/dbwebb-kurser/mvc/me/report/tests/Controller/LibraryControllerJsonTest.php" line="28" assertions="1" time="0.016494"/>
      </testsuite>
      <testsuite name="App\tests\Controller\testLibraryController" file="/home/kb/dbwebb-kurser/mvc/me/report/tests/Controller/LibraryControllerTest.php" tests="6" assertions="6" errors="0" warnings="0" failures="0" skipped="0" time="0.175558">
        <testcase name="testIndex" class="App\tests\Controller\testLibraryController" classname="App.tests.Controller.testLibraryController" file="/home/kb/dbwebb-kurser/mvc/me/report/tests/Controller/LibraryControllerTest.php" line="17" assertions="1" time="0.019451"/>
        <testcase name="testReset" class="App\tests\Controller\testLibraryController" classname="App.tests.Controller.testLibraryController" file="/home/kb/dbwebb-kurser/mvc/me/report/tests/Controller/LibraryControllerTest.php" line="28" assertions="1" time="0.077719"/>
        <testcase name="testCreate" class="App\tests\Controller\testLibraryController" classname="App.tests.Controller.testLibraryController" file="/home/kb/dbwebb-kurser/mvc/me/report/tests/Controller/LibraryControllerTest.php" line="37" assertions="1" time="0.018390"/>
        <testcase name="testViewAllLibrary" class="App\tests\Controller\testLibraryController" classname="App.tests.Controller.testLibraryController" file="/home/kb/dbwebb-kurser/mvc/me/report/tests/Controller/LibraryControllerTest.php" line="46" assertions="1" time="0.024745"/>
        <testcase name="testViewLibraryById" class="App\tests\Controller\testLibraryController" classname="App.tests.Controller.testLibraryController" file="/home/kb/dbwebb-kurser/mvc/me/report/tests/Controller/LibraryControllerTest.php" line="55" assertions="1" time="0.017620"/>
        <testcase name="testDeleteLibraryById" class="App\tests\Controller\testLibraryController" classname="App.tests.Controller.testLibraryController" file="/home/kb/dbwebb-kurser/mvc/me/report/tests/Controller/LibraryControllerTest.php" line="64" assertions="1" time="0.017633"/>
      </testsuite>
      <testsuite name="App\tests\Controller\testMyPageController" file="/home/kb/dbwebb-kurser/mvc/me/report/tests/Controller/MyPageControllerTest.php" tests="7" assertions="7" errors="0" warnings="0" failures="0" skipped="0" time="0.126574">
        <testcase name="testMeRoute" class="App\tests\Controller\testMyPageController" classname="App.tests.Controller.testMyPageController" file="/home/kb/dbwebb-kurser/mvc/me/report/tests/Controller/MyPageControllerTest.php" line="17" assertions="1" time="0.015179"/>
        <testcase name="testAbout" class="App\tests\Controller\testMyPageController" classname="App.tests.Controller.testMyPageController" file="/home/kb/dbwebb-kurser/mvc/me/report/tests/Controller/MyPageControllerTest.php" line="28" assertions="1" time="0.016159"/>
        <testcase name="testReport" class="App\tests\Controller\testMyPageController" classname="App.tests.Controller.testMyPageController" file="/home/kb/dbwebb-kurser/mvc/me/report/tests/Controller/MyPageControllerTest.php" line="37" assertions="1" time="0.029445"/>
        <testcase name="testLycky" class="App\tests\Controller\testMyPageController" classname="App.tests.Controller.testMyPageController" file="/home/kb/dbwebb-kurser/mvc/me/report/tests/Controller/MyPageControllerTest.php" line="46" assertions="1" time="0.011876"/>
        <testcase name="testStart" class="App\tests\Controller\testMyPageController" classname="App.tests.Controller.testMyPageController" file="/home/kb/dbwebb-kurser/mvc/me/report/tests/Controller/MyPageControllerTest.php" line="55" assertions="1" time="0.014344"/>
        <testcase name="testApi" class="App\tests\Controller\testMyPageController" classname="App.tests.Controller.testMyPageController" file="/home/kb/dbwebb-kurser/mvc/me/report/tests/Controller/MyPageControllerTest.php" line="64" assertions="1" time="0.015759"/>
        <testcase name="testMetrics" class="App\tests\Controller\testMyPageController" classname="App.tests.Controller.testMyPageController" file="/home/kb/dbwebb-kurser/mvc/me/report/tests/Controller/MyPageControllerTest.php" line="73" assertions="1" time="0.023811"/>
      </testsuite>
      <testsuite name="App\Dice\DiceGraphicTest" file="/home/kb/dbwebb-kurser/mvc/me/report/tests/Dice/DiceGraphicTest.php" tests="1" assertions="2" errors="0" warnings="0" failures="0" skipped="0" time="0.000896">
        <testcase name="testCreateDiceGraphic" class="App\Dice\DiceGraphicTest" classname="App.Dice.DiceGraphicTest" file="/home/kb/dbwebb-kurser/mvc/me/report/tests/Dice/DiceGraphicTest.php" line="16" assertions="2" time="0.000896"/>
      </testsuite>
      <testsuite name="App\Dice\DiceHandTest" file="/home/kb/dbwebb-kurser/mvc/me/report/tests/Dice/DiceHandTest.php" tests="6" assertions="6" errors="0" warnings="0" failures="0" skipped="0" time="0.016633">
        <testcase name="testCreateDiceHand" class="App\Dice\DiceHandTest" classname="App.Dice.DiceHandTest" file="/home/kb/dbwebb-kurser/mvc/me/report/tests/Dice/DiceHandTest.php" line="16" assertions="1" time="0.000786"/>
        <testcase name="testgetValues" class="App\Dice\DiceHandTest" classname="App.Dice.DiceHandTest" file="/home/kb/dbwebb-kurser/mvc/me/report/tests/Dice/DiceHandTest.php" line="25" assertions="1" time="0.000297"/>
        <testcase name="testStubRollDiceLastRoll" class="App\Dice\DiceHandTest" classname="App.Dice.DiceHandTest" file="/home/kb/dbwebb-kurser/mvc/me/report/tests/Dice/DiceHandTest.php" line="38" assertions="1" time="0.014323"/>
        <testcase name="testGetNumberDices" class="App\Dice\DiceHandTest" classname="App.Dice.DiceHandTest" file="/home/kb/dbwebb-kurser/mvc/me/report/tests/Dice/DiceHandTest.php" line="55" assertions="1" time="0.000391"/>
        <testcase name="testRoll" class="App\Dice\DiceHandTest" classname="App.Dice.DiceHandTest" file="/home/kb/dbwebb-kurser/mvc/me/report/tests/Dice/DiceHandTest.php" line="70" assertions="1" time="0.000410"/>
        <testcase name="testGetString" class="App\Dice\DiceHandTest" classname="App.Dice.DiceHandTest" file="/home/kb/dbwebb-kurser/mvc/me/report/tests/Dice/DiceHandTest.php" line="86" assertions="1" time="0.000425"/>
      </testsuite>
      <testsuite name="App\Dice\DiceTest" file="/home/kb/dbwebb-kurser/mvc/me/report/tests/Dice/DiceTest.php" tests="3" assertions="4" errors="0" warnings="0" failures="0" skipped="0" time="0.001514">
        <testcase name="testCreateDice" class="App\Dice\DiceTest" classname="App.Dice.DiceTest" file="/home/kb/dbwebb-kurser/mvc/me/report/tests/Dice/DiceTest.php" line="16" assertions="2" time="0.000404"/>
        <testcase name="testStubRollDiceLastRoll" class="App\Dice\DiceTest" classname="App.Dice.DiceTest" file="/home/kb/dbwebb-kurser/mvc/me/report/tests/Dice/DiceTest.php" line="28" assertions="1" time="0.000711"/>
        <testcase name="testgetValue" class="App\Dice\DiceTest" classname="App.Dice.DiceTest" file="/home/kb/dbwebb-kurser/mvc/me/report/tests/Dice/DiceTest.php" line="42" assertions="1" time="0.000399"/>
      </testsuite>
    </testsuite>
  </testsuite>
</testsuites>
