<?xml version="1.0" encoding="UTF-8"?>
<testsuites>
  <testsuite name="" tests="145" assertions="197" errors="0" warnings="0" failures="0" skipped="0" time="0.885060">
    <testsuite name="Project Test Suite" tests="145" assertions="197" errors="0" warnings="0" failures="0" skipped="0" time="0.885060">
      <testsuite name="App\Card\CardGraphicTest" file="/home/kb/dbwebb-kurser/mvc/me/report/tests/Card/CardGraphicTest.php" tests="5" assertions="21" errors="0" warnings="0" failures="0" skipped="0" time="0.008706">
        <testcase name="testcardAsString" class="App\Card\CardGraphicTest" classname="App.Card.CardGraphicTest" file="/home/kb/dbwebb-kurser/mvc/me/report/tests/Card/CardGraphicTest.php" line="15" assertions="1" time="0.006232"/>
        <testcase name="testGetGraphicSuit" class="App\Card\CardGraphicTest" classname="App.Card.CardGraphicTest" file="/home/kb/dbwebb-kurser/mvc/me/report/tests/Card/CardGraphicTest.php" line="25" assertions="5" time="0.000362"/>
        <testcase name="testGetGraphicSuitEquals" class="App\Card\CardGraphicTest" classname="App.Card.CardGraphicTest" file="/home/kb/dbwebb-kurser/mvc/me/report/tests/Card/CardGraphicTest.php" line="50" assertions="5" time="0.001271"/>
        <testcase name="testGetAsString" class="App\Card\CardGraphicTest" classname="App.Card.CardGraphicTest" file="/home/kb/dbwebb-kurser/mvc/me/report/tests/Card/CardGraphicTest.php" line="81" assertions="5" time="0.000372"/>
        <testcase name="testGetValue" class="App\Card\CardGraphicTest" classname="App.Card.CardGraphicTest" file="/home/kb/dbwebb-kurser/mvc/me/report/tests/Card/CardGraphicTest.php" line="111" assertions="5" time="0.000469"/>
      </testsuite>
      <testsuite name="App\Card\CardTest" file="/home/kb/dbwebb-kurser/mvc/me/report/tests/Card/CardTest.php" tests="3" assertions="7" errors="0" warnings="0" failures="0" skipped="0" time="0.001256">
        <testcase name="testCreateCard" class="App\Card\CardTest" classname="App.Card.CardTest" file="/home/kb/dbwebb-kurser/mvc/me/report/tests/Card/CardTest.php" line="16" assertions="1" time="0.000691"/>
        <testcase name="testGetValue" class="App\Card\CardTest" classname="App.Card.CardTest" file="/home/kb/dbwebb-kurser/mvc/me/report/tests/Card/CardTest.php" line="25" assertions="5" time="0.000289"/>
        <testcase name="testGetSuit" class="App\Card\CardTest" classname="App.Card.CardTest" file="/home/kb/dbwebb-kurser/mvc/me/report/tests/Card/CardTest.php" line="50" assertions="1" time="0.000276"/>
      </testsuite>
      <testsuite name="App\Card\DeckOfCardsTest" file="/home/kb/dbwebb-kurser/mvc/me/report/tests/Card/DeckOfCardsTest.php" tests="9" assertions="12" errors="0" warnings="0" failures="0" skipped="0" time="0.005830">
        <testcase name="testCreateCard" class="App\Card\DeckOfCardsTest" classname="App.Card.DeckOfCardsTest" file="/home/kb/dbwebb-kurser/mvc/me/report/tests/Card/DeckOfCardsTest.php" line="16" assertions="1" time="0.001079"/>
        <testcase name="testGetDeck" class="App\Card\DeckOfCardsTest" classname="App.Card.DeckOfCardsTest" file="/home/kb/dbwebb-kurser/mvc/me/report/tests/Card/DeckOfCardsTest.php" line="25" assertions="2" time="0.000366"/>
        <testcase name="testShuffle" class="App\Card\DeckOfCardsTest" classname="App.Card.DeckOfCardsTest" file="/home/kb/dbwebb-kurser/mvc/me/report/tests/Card/DeckOfCardsTest.php" line="38" assertions="3" time="0.001992"/>
        <testcase name="testDraw" class="App\Card\DeckOfCardsTest" classname="App.Card.DeckOfCardsTest" file="/home/kb/dbwebb-kurser/mvc/me/report/tests/Card/DeckOfCardsTest.php" line="52" assertions="1" time="0.000325"/>
        <testcase name="testDrawSchuffle" class="App\Card\DeckOfCardsTest" classname="App.Card.DeckOfCardsTest" file="/home/kb/dbwebb-kurser/mvc/me/report/tests/Card/DeckOfCardsTest.php" line="63" assertions="1" time="0.000547"/>
        <testcase name="testGetLast" class="App\Card\DeckOfCardsTest" classname="App.Card.DeckOfCardsTest" file="/home/kb/dbwebb-kurser/mvc/me/report/tests/Card/DeckOfCardsTest.php" line="80" assertions="1" time="0.000323"/>
        <testcase name="testGetSuit" class="App\Card\DeckOfCardsTest" classname="App.Card.DeckOfCardsTest" file="/home/kb/dbwebb-kurser/mvc/me/report/tests/Card/DeckOfCardsTest.php" line="91" assertions="1" time="0.000391"/>
        <testcase name="testCardCount" class="App\Card\DeckOfCardsTest" classname="App.Card.DeckOfCardsTest" file="/home/kb/dbwebb-kurser/mvc/me/report/tests/Card/DeckOfCardsTest.php" line="102" assertions="1" time="0.000322"/>
        <testcase name="testGetAsString" class="App\Card\DeckOfCardsTest" classname="App.Card.DeckOfCardsTest" file="/home/kb/dbwebb-kurser/mvc/me/report/tests/Card/DeckOfCardsTest.php" line="113" assertions="1" time="0.000485"/>
      </testsuite>
      <testsuite name="App\Card\Play21Test" file="/home/kb/dbwebb-kurser/mvc/me/report/tests/Card/Play21Test.php" tests="28" assertions="35" errors="0" warnings="0" failures="0" skipped="0" time="0.014249">
        <testcase name="testCreateGame" class="App\Card\Play21Test" classname="App.Card.Play21Test" file="/home/kb/dbwebb-kurser/mvc/me/report/tests/Card/Play21Test.php" line="18" assertions="5" time="0.002294"/>
        <testcase name="testGetBankScore" class="App\Card\Play21Test" classname="App.Card.Play21Test" file="/home/kb/dbwebb-kurser/mvc/me/report/tests/Card/Play21Test.php" line="37" assertions="1" time="0.000507"/>
        <testcase name="testSetBankScore" class="App\Card\Play21Test" classname="App.Card.Play21Test" file="/home/kb/dbwebb-kurser/mvc/me/report/tests/Card/Play21Test.php" line="48" assertions="1" time="0.000420"/>
        <testcase name="testGetPlayerScore" class="App\Card\Play21Test" classname="App.Card.Play21Test" file="/home/kb/dbwebb-kurser/mvc/me/report/tests/Card/Play21Test.php" line="59" assertions="1" time="0.000477"/>
        <testcase name="testSetPlayerScore" class="App\Card\Play21Test" classname="App.Card.Play21Test" file="/home/kb/dbwebb-kurser/mvc/me/report/tests/Card/Play21Test.php" line="70" assertions="1" time="0.000409"/>
        <testcase name="testGetBankRounds" class="App\Card\Play21Test" classname="App.Card.Play21Test" file="/home/kb/dbwebb-kurser/mvc/me/report/tests/Card/Play21Test.php" line="81" assertions="1" time="0.000409"/>
        <testcase name="testSetBankRounds" class="App\Card\Play21Test" classname="App.Card.Play21Test" file="/home/kb/dbwebb-kurser/mvc/me/report/tests/Card/Play21Test.php" line="93" assertions="1" time="0.000450"/>
        <testcase name="testGetPlayerRounds" class="App\Card\Play21Test" classname="App.Card.Play21Test" file="/home/kb/dbwebb-kurser/mvc/me/report/tests/Card/Play21Test.php" line="106" assertions="1" time="0.000424"/>
        <testcase name="testSetPlayerRounds" class="App\Card\Play21Test" classname="App.Card.Play21Test" file="/home/kb/dbwebb-kurser/mvc/me/report/tests/Card/Play21Test.php" line="118" assertions="1" time="0.000423"/>
        <testcase name="testGetDeck" class="App\Card\Play21Test" classname="App.Card.Play21Test" file="/home/kb/dbwebb-kurser/mvc/me/report/tests/Card/Play21Test.php" line="132" assertions="1" time="0.000441"/>
        <testcase name="testGetRounds" class="App\Card\Play21Test" classname="App.Card.Play21Test" file="/home/kb/dbwebb-kurser/mvc/me/report/tests/Card/Play21Test.php" line="143" assertions="1" time="0.000418"/>
        <testcase name="testSetRounds" class="App\Card\Play21Test" classname="App.Card.Play21Test" file="/home/kb/dbwebb-kurser/mvc/me/report/tests/Card/Play21Test.php" line="155" assertions="1" time="0.000429"/>
        <testcase name="testDraw" class="App\Card\Play21Test" classname="App.Card.Play21Test" file="/home/kb/dbwebb-kurser/mvc/me/report/tests/Card/Play21Test.php" line="168" assertions="1" time="0.000417"/>
        <testcase name="testPlayerHand" class="App\Card\Play21Test" classname="App.Card.Play21Test" file="/home/kb/dbwebb-kurser/mvc/me/report/tests/Card/Play21Test.php" line="179" assertions="1" time="0.000411"/>
        <testcase name="testPlayerDraw" class="App\Card\Play21Test" classname="App.Card.Play21Test" file="/home/kb/dbwebb-kurser/mvc/me/report/tests/Card/Play21Test.php" line="190" assertions="1" time="0.000429"/>
        <testcase name="testBankHand" class="App\Card\Play21Test" classname="App.Card.Play21Test" file="/home/kb/dbwebb-kurser/mvc/me/report/tests/Card/Play21Test.php" line="201" assertions="1" time="0.000410"/>
        <testcase name="testBankDraw" class="App\Card\Play21Test" classname="App.Card.Play21Test" file="/home/kb/dbwebb-kurser/mvc/me/report/tests/Card/Play21Test.php" line="212" assertions="1" time="0.000443"/>
        <testcase name="testClearHands" class="App\Card\Play21Test" classname="App.Card.Play21Test" file="/home/kb/dbwebb-kurser/mvc/me/report/tests/Card/Play21Test.php" line="223" assertions="4" time="0.000472"/>
        <testcase name="testPlayerWinnsBy21" class="App\Card\Play21Test" classname="App.Card.Play21Test" file="/home/kb/dbwebb-kurser/mvc/me/report/tests/Card/Play21Test.php" line="247" assertions="1" time="0.000437"/>
        <testcase name="testPlayerOver21" class="App\Card\Play21Test" classname="App.Card.Play21Test" file="/home/kb/dbwebb-kurser/mvc/me/report/tests/Card/Play21Test.php" line="262" assertions="1" time="0.000437"/>
        <testcase name="testPlayerAndBankIsEqual" class="App\Card\Play21Test" classname="App.Card.Play21Test" file="/home/kb/dbwebb-kurser/mvc/me/report/tests/Card/Play21Test.php" line="277" assertions="1" time="0.000439"/>
        <testcase name="testBankWinnsBy21" class="App\Card\Play21Test" classname="App.Card.Play21Test" file="/home/kb/dbwebb-kurser/mvc/me/report/tests/Card/Play21Test.php" line="292" assertions="1" time="0.000447"/>
        <testcase name="testBankOver21" class="App\Card\Play21Test" classname="App.Card.Play21Test" file="/home/kb/dbwebb-kurser/mvc/me/report/tests/Card/Play21Test.php" line="307" assertions="1" time="0.000433"/>
        <testcase name="testBankHigherThanPlayerAndLowerThan21" class="App\Card\Play21Test" classname="App.Card.Play21Test" file="/home/kb/dbwebb-kurser/mvc/me/report/tests/Card/Play21Test.php" line="322" assertions="1" time="0.000518"/>
        <testcase name="testBustOrWinnPlayer21" class="App\Card\Play21Test" classname="App.Card.Play21Test" file="/home/kb/dbwebb-kurser/mvc/me/report/tests/Card/Play21Test.php" line="337" assertions="1" time="0.000458"/>
        <testcase name="testBustOrWinnPlayerOver21" class="App\Card\Play21Test" classname="App.Card.Play21Test" file="/home/kb/dbwebb-kurser/mvc/me/report/tests/Card/Play21Test.php" line="352" assertions="1" time="0.000482"/>
        <testcase name="testBustOrWinnBank21" class="App\Card\Play21Test" classname="App.Card.Play21Test" file="/home/kb/dbwebb-kurser/mvc/me/report/tests/Card/Play21Test.php" line="367" assertions="1" time="0.000435"/>
        <testcase name="testBustOrWinnBankOver21" class="App\Card\Play21Test" classname="App.Card.Play21Test" file="/home/kb/dbwebb-kurser/mvc/me/report/tests/Card/Play21Test.php" line="382" assertions="1" time="0.000481"/>
      </testsuite>
      <testsuite name="App\Card\PlayBlackjackTest" file="/home/kb/dbwebb-kurser/mvc/me/report/tests/Card/PlayBlackjackTest.php" tests="26" assertions="38" errors="0" warnings="0" failures="0" skipped="0" time="0.015723">
        <testcase name="testCreateGame" class="App\Card\PlayBlackjackTest" classname="App.Card.PlayBlackjackTest" file="/home/kb/dbwebb-kurser/mvc/me/report/tests/Card/PlayBlackjackTest.php" line="19" assertions="1" time="0.002003"/>
        <testcase name="testGetBankScore" class="App\Card\PlayBlackjackTest" classname="App.Card.PlayBlackjackTest" file="/home/kb/dbwebb-kurser/mvc/me/report/tests/Card/PlayBlackjackTest.php" line="28" assertions="1" time="0.000523"/>
        <testcase name="testGetFirstBankCard" class="App\Card\PlayBlackjackTest" classname="App.Card.PlayBlackjackTest" file="/home/kb/dbwebb-kurser/mvc/me/report/tests/Card/PlayBlackjackTest.php" line="39" assertions="1" time="0.000479"/>
        <testcase name="testGetPlayerScore" class="App\Card\PlayBlackjackTest" classname="App.Card.PlayBlackjackTest" file="/home/kb/dbwebb-kurser/mvc/me/report/tests/Card/PlayBlackjackTest.php" line="50" assertions="1" time="0.000434"/>
        <testcase name="testGetDeck" class="App\Card\PlayBlackjackTest" classname="App.Card.PlayBlackjackTest" file="/home/kb/dbwebb-kurser/mvc/me/report/tests/Card/PlayBlackjackTest.php" line="61" assertions="1" time="0.000432"/>
        <testcase name="testGetApiDeck" class="App\Card\PlayBlackjackTest" classname="App.Card.PlayBlackjackTest" file="/home/kb/dbwebb-kurser/mvc/me/report/tests/Card/PlayBlackjackTest.php" line="71" assertions="1" time="0.000516"/>
        <testcase name="testCountBankHand" class="App\Card\PlayBlackjackTest" classname="App.Card.PlayBlackjackTest" file="/home/kb/dbwebb-kurser/mvc/me/report/tests/Card/PlayBlackjackTest.php" line="81" assertions="2" time="0.000472"/>
        <testcase name="testAddPlayerHand" class="App\Card\PlayBlackjackTest" classname="App.Card.PlayBlackjackTest" file="/home/kb/dbwebb-kurser/mvc/me/report/tests/Card/PlayBlackjackTest.php" line="94" assertions="1" time="0.000739"/>
        <testcase name="testHitPlayerHand" class="App\Card\PlayBlackjackTest" classname="App.Card.PlayBlackjackTest" file="/home/kb/dbwebb-kurser/mvc/me/report/tests/Card/PlayBlackjackTest.php" line="109" assertions="1" time="0.000487"/>
        <testcase name="testAddHandScore" class="App\Card\PlayBlackjackTest" classname="App.Card.PlayBlackjackTest" file="/home/kb/dbwebb-kurser/mvc/me/report/tests/Card/PlayBlackjackTest.php" line="124" assertions="1" time="0.000482"/>
        <testcase name="testHitHandScore" class="App\Card\PlayBlackjackTest" classname="App.Card.PlayBlackjackTest" file="/home/kb/dbwebb-kurser/mvc/me/report/tests/Card/PlayBlackjackTest.php" line="136" assertions="1" time="0.000480"/>
        <testcase name="testDealFirstPlayerCard" class="App\Card\PlayBlackjackTest" classname="App.Card.PlayBlackjackTest" file="/home/kb/dbwebb-kurser/mvc/me/report/tests/Card/PlayBlackjackTest.php" line="149" assertions="1" time="0.000502"/>
        <testcase name="testDealSecondPlayerCard" class="App\Card\PlayBlackjackTest" classname="App.Card.PlayBlackjackTest" file="/home/kb/dbwebb-kurser/mvc/me/report/tests/Card/PlayBlackjackTest.php" line="162" assertions="1" time="0.000510"/>
        <testcase name="testDealFirstBankCard" class="App\Card\PlayBlackjackTest" classname="App.Card.PlayBlackjackTest" file="/home/kb/dbwebb-kurser/mvc/me/report/tests/Card/PlayBlackjackTest.php" line="176" assertions="1" time="0.000502"/>
        <testcase name="testDealSecondBankCard" class="App\Card\PlayBlackjackTest" classname="App.Card.PlayBlackjackTest" file="/home/kb/dbwebb-kurser/mvc/me/report/tests/Card/PlayBlackjackTest.php" line="189" assertions="1" time="0.000504"/>
        <testcase name="testDealBankCard" class="App\Card\PlayBlackjackTest" classname="App.Card.PlayBlackjackTest" file="/home/kb/dbwebb-kurser/mvc/me/report/tests/Card/PlayBlackjackTest.php" line="203" assertions="1" time="0.000493"/>
        <testcase name="testPlayerHand" class="App\Card\PlayBlackjackTest" classname="App.Card.PlayBlackjackTest" file="/home/kb/dbwebb-kurser/mvc/me/report/tests/Card/PlayBlackjackTest.php" line="216" assertions="1" time="0.000407"/>
        <testcase name="testPlayerDraw" class="App\Card\PlayBlackjackTest" classname="App.Card.PlayBlackjackTest" file="/home/kb/dbwebb-kurser/mvc/me/report/tests/Card/PlayBlackjackTest.php" line="226" assertions="1" time="0.000513"/>
        <testcase name="testBankHand" class="App\Card\PlayBlackjackTest" classname="App.Card.PlayBlackjackTest" file="/home/kb/dbwebb-kurser/mvc/me/report/tests/Card/PlayBlackjackTest.php" line="240" assertions="1" time="0.000444"/>
        <testcase name="testgetBankHand" class="App\Card\PlayBlackjackTest" classname="App.Card.PlayBlackjackTest" file="/home/kb/dbwebb-kurser/mvc/me/report/tests/Card/PlayBlackjackTest.php" line="250" assertions="1" time="0.000436"/>
        <testcase name="testBankDraw" class="App\Card\PlayBlackjackTest" classname="App.Card.PlayBlackjackTest" file="/home/kb/dbwebb-kurser/mvc/me/report/tests/Card/PlayBlackjackTest.php" line="261" assertions="1" time="0.000620"/>
        <testcase name="testPlayBust" class="App\Card\PlayBlackjackTest" classname="App.Card.PlayBlackjackTest" file="/home/kb/dbwebb-kurser/mvc/me/report/tests/Card/PlayBlackjackTest.php" line="275" assertions="3" time="0.001497"/>
        <testcase name="testPlayer21" class="App\Card\PlayBlackjackTest" classname="App.Card.PlayBlackjackTest" file="/home/kb/dbwebb-kurser/mvc/me/report/tests/Card/PlayBlackjackTest.php" line="296" assertions="2" time="0.000475"/>
        <testcase name="testClearHands" class="App\Card\PlayBlackjackTest" classname="App.Card.PlayBlackjackTest" file="/home/kb/dbwebb-kurser/mvc/me/report/tests/Card/PlayBlackjackTest.php" line="311" assertions="1" time="0.000461"/>
        <testcase name="testAllPlayerWinns" class="App\Card\PlayBlackjackTest" classname="App.Card.PlayBlackjackTest" file="/home/kb/dbwebb-kurser/mvc/me/report/tests/Card/PlayBlackjackTest.php" line="326" assertions="2" time="0.000649"/>
        <testcase name="testgetWinner" class="App\Card\PlayBlackjackTest" classname="App.Card.PlayBlackjackTest" file="/home/kb/dbwebb-kurser/mvc/me/report/tests/Card/PlayBlackjackTest.php" line="345" assertions="8" time="0.000664"/>
      </testsuite>
      <testsuite name="App\Card\PlayerTest" file="/home/kb/dbwebb-kurser/mvc/me/report/tests/Card/PlayerTest.php" tests="12" assertions="14" errors="0" warnings="0" failures="0" skipped="0" time="0.003860">
        <testcase name="testCreatePlayer" class="App\Card\PlayerTest" classname="App.Card.PlayerTest" file="/home/kb/dbwebb-kurser/mvc/me/report/tests/Card/PlayerTest.php" line="16" assertions="1" time="0.000256"/>
        <testcase name="testGetName" class="App\Card\PlayerTest" classname="App.Card.PlayerTest" file="/home/kb/dbwebb-kurser/mvc/me/report/tests/Card/PlayerTest.php" line="25" assertions="1" time="0.000250"/>
        <testcase name="testSetName" class="App\Card\PlayerTest" classname="App.Card.PlayerTest" file="/home/kb/dbwebb-kurser/mvc/me/report/tests/Card/PlayerTest.php" line="36" assertions="1" time="0.000273"/>
        <testcase name="testGetAccount" class="App\Card\PlayerTest" classname="App.Card.PlayerTest" file="/home/kb/dbwebb-kurser/mvc/me/report/tests/Card/PlayerTest.php" line="49" assertions="1" time="0.000276"/>
        <testcase name="testSetAccount" class="App\Card\PlayerTest" classname="App.Card.PlayerTest" file="/home/kb/dbwebb-kurser/mvc/me/report/tests/Card/PlayerTest.php" line="60" assertions="1" time="0.000261"/>
        <testcase name="testBet" class="App\Card\PlayerTest" classname="App.Card.PlayerTest" file="/home/kb/dbwebb-kurser/mvc/me/report/tests/Card/PlayerTest.php" line="74" assertions="3" time="0.000282"/>
        <testcase name="testGetBets" class="App\Card\PlayerTest" classname="App.Card.PlayerTest" file="/home/kb/dbwebb-kurser/mvc/me/report/tests/Card/PlayerTest.php" line="94" assertions="1" time="0.000248"/>
        <testcase name="testGetBet" class="App\Card\PlayerTest" classname="App.Card.PlayerTest" file="/home/kb/dbwebb-kurser/mvc/me/report/tests/Card/PlayerTest.php" line="105" assertions="1" time="0.000250"/>
        <testcase name="testclearBets" class="App\Card\PlayerTest" classname="App.Card.PlayerTest" file="/home/kb/dbwebb-kurser/mvc/me/report/tests/Card/PlayerTest.php" line="118" assertions="1" time="0.000682"/>
        <testcase name="testAddAccount" class="App\Card\PlayerTest" classname="App.Card.PlayerTest" file="/home/kb/dbwebb-kurser/mvc/me/report/tests/Card/PlayerTest.php" line="131" assertions="1" time="0.000556"/>
        <testcase name="testGetNumOfHands" class="App\Card\PlayerTest" classname="App.Card.PlayerTest" file="/home/kb/dbwebb-kurser/mvc/me/report/tests/Card/PlayerTest.php" line="142" assertions="1" time="0.000273"/>
        <testcase name="testSetNumOfHands" class="App\Card\PlayerTest" classname="App.Card.PlayerTest" file="/home/kb/dbwebb-kurser/mvc/me/report/tests/Card/PlayerTest.php" line="153" assertions="1" time="0.000251"/>
      </testsuite>
      <testsuite name="App\tests\Controller\testBlackjackController" file="/home/kb/dbwebb-kurser/mvc/me/report/tests/Controller/BlackjackControllerTest.php" tests="4" assertions="4" errors="0" warnings="0" failures="0" skipped="0" time="0.275714">
        <testcase name="testIndex" class="App\tests\Controller\testBlackjackController" classname="App.tests.Controller.testBlackjackController" file="/home/kb/dbwebb-kurser/mvc/me/report/tests/Controller/BlackjackControllerTest.php" line="17" assertions="1" time="0.186729"/>
        <testcase name="testCreateBlackjack" class="App\tests\Controller\testBlackjackController" classname="App.tests.Controller.testBlackjackController" file="/home/kb/dbwebb-kurser/mvc/me/report/tests/Controller/BlackjackControllerTest.php" line="28" assertions="1" time="0.057923"/>
        <testcase name="testShowAllPlayer" class="App\tests\Controller\testBlackjackController" classname="App.tests.Controller.testBlackjackController" file="/home/kb/dbwebb-kurser/mvc/me/report/tests/Controller/BlackjackControllerTest.php" line="37" assertions="1" time="0.017616"/>
        <testcase name="testReset" class="App\tests\Controller\testBlackjackController" classname="App.tests.Controller.testBlackjackController" file="/home/kb/dbwebb-kurser/mvc/me/report/tests/Controller/BlackjackControllerTest.php" line="46" assertions="1" time="0.013447"/>
      </testsuite>
      <testsuite name="App\tests\Controller\testGame21Controller" file="/home/kb/dbwebb-kurser/mvc/me/report/tests/Controller/Card21ControllerTest.php" tests="2" assertions="4" errors="0" warnings="0" failures="0" skipped="0" time="0.036154">
        <testcase name="testHome21" class="App\tests\Controller\testGame21Controller" classname="App.tests.Controller.testGame21Controller" file="/home/kb/dbwebb-kurser/mvc/me/report/tests/Controller/Card21ControllerTest.php" line="17" assertions="3" time="0.023625"/>
        <testcase name="testDoc21" class="App\tests\Controller\testGame21Controller" classname="App.tests.Controller.testGame21Controller" file="/home/kb/dbwebb-kurser/mvc/me/report/tests/Controller/Card21ControllerTest.php" line="28" assertions="1" time="0.012529"/>
      </testsuite>
      <testsuite name="App\tests\Controller\test21GameControllerJson" file="/home/kb/dbwebb-kurser/mvc/me/report/tests/Controller/CardGame21ControllerJsonTest.php" tests="2" assertions="2" errors="0" warnings="0" failures="0" skipped="0" time="0.016701">
        <testcase name="testApiGame" class="App\tests\Controller\test21GameControllerJson" classname="App.tests.Controller.test21GameControllerJson" file="/home/kb/dbwebb-kurser/mvc/me/report/tests/Controller/CardGame21ControllerJsonTest.php" line="14" assertions="1" time="0.007779"/>
        <testcase name="testApiSchuffle" class="App\tests\Controller\test21GameControllerJson" classname="App.tests.Controller.test21GameControllerJson" file="/home/kb/dbwebb-kurser/mvc/me/report/tests/Controller/CardGame21ControllerJsonTest.php" line="24" assertions="1" time="0.008922"/>
      </testsuite>
      <testsuite name="App\tests\Controller\testGameControllerJson" file="/home/kb/dbwebb-kurser/mvc/me/report/tests/Controller/CardGameControllerJsonTest.php" tests="2" assertions="2" errors="0" warnings="0" failures="0" skipped="0" time="0.018602">
        <testcase name="testApiDeck" class="App\tests\Controller\testGameControllerJson" classname="App.tests.Controller.testGameControllerJson" file="/home/kb/dbwebb-kurser/mvc/me/report/tests/Controller/CardGameControllerJsonTest.php" line="14" assertions="1" time="0.009890"/>
        <testcase name="testApiSchuffle" class="App\tests\Controller\testGameControllerJson" classname="App.tests.Controller.testGameControllerJson" file="/home/kb/dbwebb-kurser/mvc/me/report/tests/Controller/CardGameControllerJsonTest.php" line="24" assertions="1" time="0.008712"/>
      </testsuite>
      <testsuite name="App\tests\Controller\testGameController" file="/home/kb/dbwebb-kurser/mvc/me/report/tests/Controller/CardGameControllerTest.php" tests="6" assertions="8" errors="0" warnings="0" failures="0" skipped="0" time="0.109898">
        <testcase name="testHome" class="App\tests\Controller\testGameController" classname="App.tests.Controller.testGameController" file="/home/kb/dbwebb-kurser/mvc/me/report/tests/Controller/CardGameControllerTest.php" line="14" assertions="3" time="0.016765"/>
        <testcase name="testTest" class="App\tests\Controller\testGameController" classname="App.tests.Controller.testGameController" file="/home/kb/dbwebb-kurser/mvc/me/report/tests/Controller/CardGameControllerTest.php" line="27" assertions="1" time="0.012550"/>
        <testcase name="testPlay" class="App\tests\Controller\testGameController" classname="App.tests.Controller.testGameController" file="/home/kb/dbwebb-kurser/mvc/me/report/tests/Controller/CardGameControllerTest.php" line="34" assertions="1" time="0.011721"/>
        <testcase name="testSessionDestroy" class="App\tests\Controller\testGameController" classname="App.tests.Controller.testGameController" file="/home/kb/dbwebb-kurser/mvc/me/report/tests/Controller/CardGameControllerTest.php" line="41" assertions="1" time="0.011303"/>
        <testcase name="testDeck" class="App\tests\Controller\testGameController" classname="App.tests.Controller.testGameController" file="/home/kb/dbwebb-kurser/mvc/me/report/tests/Controller/CardGameControllerTest.php" line="48" assertions="1" time="0.028534"/>
        <testcase name="testShuffle" class="App\tests\Controller\testGameController" classname="App.tests.Controller.testGameController" file="/home/kb/dbwebb-kurser/mvc/me/report/tests/Controller/CardGameControllerTest.php" line="55" assertions="1" time="0.029025"/>
      </testsuite>
      <testsuite name="App\tests\Controller\testDiceGameController" file="/home/kb/dbwebb-kurser/mvc/me/report/tests/Controller/DiceGameControllerTest.php" tests="4" assertions="6" errors="0" warnings="0" failures="0" skipped="0" time="0.056556">
        <testcase name="testHome" class="App\tests\Controller\testDiceGameController" classname="App.tests.Controller.testDiceGameController" file="/home/kb/dbwebb-kurser/mvc/me/report/tests/Controller/DiceGameControllerTest.php" line="14" assertions="3" time="0.012753"/>
        <testcase name="testTestRollDice" class="App\tests\Controller\testDiceGameController" classname="App.tests.Controller.testDiceGameController" file="/home/kb/dbwebb-kurser/mvc/me/report/tests/Controller/DiceGameControllerTest.php" line="25" assertions="1" time="0.015418"/>
        <testcase name="testTestRollDices" class="App\tests\Controller\testDiceGameController" classname="App.tests.Controller.testDiceGameController" file="/home/kb/dbwebb-kurser/mvc/me/report/tests/Controller/DiceGameControllerTest.php" line="32" assertions="1" time="0.011194"/>
        <testcase name="testInitCallback" class="App\tests\Controller\testDiceGameController" classname="App.tests.Controller.testDiceGameController" file="/home/kb/dbwebb-kurser/mvc/me/report/tests/Controller/DiceGameControllerTest.php" line="39" assertions="1" time="0.017191"/>
      </testsuite>
      <testsuite name="App\tests\Controller\LibraryControllerJsonTest" file="/home/kb/dbwebb-kurser/mvc/me/report/tests/Controller/LibraryControllerJsonTest.php" tests="2" assertions="2" errors="0" warnings="0" failures="0" skipped="0" time="0.026135">
        <testcase name="testApiShowAllBooks" class="App\tests\Controller\LibraryControllerJsonTest" classname="App.tests.Controller.LibraryControllerJsonTest" file="/home/kb/dbwebb-kurser/mvc/me/report/tests/Controller/LibraryControllerJsonTest.php" line="18" assertions="1" time="0.010719"/>
        <testcase name="testFindByIsbn" class="App\tests\Controller\LibraryControllerJsonTest" classname="App.tests.Controller.LibraryControllerJsonTest" file="/home/kb/dbwebb-kurser/mvc/me/report/tests/Controller/LibraryControllerJsonTest.php" line="28" assertions="1" time="0.015416"/>
      </testsuite>
      <testsuite name="App\tests\Controller\testLibraryController" file="/home/kb/dbwebb-kurser/mvc/me/report/tests/Controller/LibraryControllerTest.php" tests="6" assertions="6" errors="0" warnings="0" failures="0" skipped="0" time="0.100984">
        <testcase name="testIndex" class="App\tests\Controller\testLibraryController" classname="App.tests.Controller.testLibraryController" file="/home/kb/dbwebb-kurser/mvc/me/report/tests/Controller/LibraryControllerTest.php" line="17" assertions="1" time="0.013515"/>
        <testcase name="testReset" class="App\tests\Controller\testLibraryController" classname="App.tests.Controller.testLibraryController" file="/home/kb/dbwebb-kurser/mvc/me/report/tests/Controller/LibraryControllerTest.php" line="28" assertions="1" time="0.026764"/>
        <testcase name="testCreate" class="App\tests\Controller\testLibraryController" classname="App.tests.Controller.testLibraryController" file="/home/kb/dbwebb-kurser/mvc/me/report/tests/Controller/LibraryControllerTest.php" line="37" assertions="1" time="0.011952"/>
        <testcase name="testViewAllLibrary" class="App\tests\Controller\testLibraryController" classname="App.tests.Controller.testLibraryController" file="/home/kb/dbwebb-kurser/mvc/me/report/tests/Controller/LibraryControllerTest.php" line="46" assertions="1" time="0.016428"/>
        <testcase name="testViewLibraryById" class="App\tests\Controller\testLibraryController" classname="App.tests.Controller.testLibraryController" file="/home/kb/dbwebb-kurser/mvc/me/report/tests/Controller/LibraryControllerTest.php" line="55" assertions="1" time="0.015945"/>
        <testcase name="testDeleteLibraryById" class="App\tests\Controller\testLibraryController" classname="App.tests.Controller.testLibraryController" file="/home/kb/dbwebb-kurser/mvc/me/report/tests/Controller/LibraryControllerTest.php" line="64" assertions="1" time="0.016380"/>
      </testsuite>
      <testsuite name="App\tests\Controller\testMyPageController" file="/home/kb/dbwebb-kurser/mvc/me/report/tests/Controller/MyPageControllerTest.php" tests="7" assertions="7" errors="0" warnings="0" failures="0" skipped="0" time="0.111269">
        <testcase name="testMeRoute" class="App\tests\Controller\testMyPageController" classname="App.tests.Controller.testMyPageController" file="/home/kb/dbwebb-kurser/mvc/me/report/tests/Controller/MyPageControllerTest.php" line="17" assertions="1" time="0.011470"/>
        <testcase name="testAbout" class="App\tests\Controller\testMyPageController" classname="App.tests.Controller.testMyPageController" file="/home/kb/dbwebb-kurser/mvc/me/report/tests/Controller/MyPageControllerTest.php" line="28" assertions="1" time="0.011897"/>
        <testcase name="testReport" class="App\tests\Controller\testMyPageController" classname="App.tests.Controller.testMyPageController" file="/home/kb/dbwebb-kurser/mvc/me/report/tests/Controller/MyPageControllerTest.php" line="37" assertions="1" time="0.024087"/>
        <testcase name="testLycky" class="App\tests\Controller\testMyPageController" classname="App.tests.Controller.testMyPageController" file="/home/kb/dbwebb-kurser/mvc/me/report/tests/Controller/MyPageControllerTest.php" line="46" assertions="1" time="0.012656"/>
        <testcase name="testStart" class="App\tests\Controller\testMyPageController" classname="App.tests.Controller.testMyPageController" file="/home/kb/dbwebb-kurser/mvc/me/report/tests/Controller/MyPageControllerTest.php" line="55" assertions="1" time="0.011045"/>
        <testcase name="testApi" class="App\tests\Controller\testMyPageController" classname="App.tests.Controller.testMyPageController" file="/home/kb/dbwebb-kurser/mvc/me/report/tests/Controller/MyPageControllerTest.php" line="64" assertions="1" time="0.019149"/>
        <testcase name="testMetrics" class="App\tests\Controller\testMyPageController" classname="App.tests.Controller.testMyPageController" file="/home/kb/dbwebb-kurser/mvc/me/report/tests/Controller/MyPageControllerTest.php" line="73" assertions="1" time="0.020966"/>
      </testsuite>
      <testsuite name="App\tests\Controller\testProjController" file="/home/kb/dbwebb-kurser/mvc/me/report/tests/Controller/ProjControllerTest.php" tests="6" assertions="6" errors="0" warnings="0" failures="0" skipped="0" time="0.064178">
        <testcase name="testHomeBj" class="App\tests\Controller\testProjController" classname="App.tests.Controller.testProjController" file="/home/kb/dbwebb-kurser/mvc/me/report/tests/Controller/ProjControllerTest.php" line="17" assertions="1" time="0.011113"/>
        <testcase name="testAbout" class="App\tests\Controller\testProjController" classname="App.tests.Controller.testProjController" file="/home/kb/dbwebb-kurser/mvc/me/report/tests/Controller/ProjControllerTest.php" line="28" assertions="1" time="0.011237"/>
        <testcase name="testApiBj" class="App\tests\Controller\testProjController" classname="App.tests.Controller.testProjController" file="/home/kb/dbwebb-kurser/mvc/me/report/tests/Controller/ProjControllerTest.php" line="39" assertions="1" time="0.011421"/>
        <testcase name="testDatabaseBj" class="App\tests\Controller\testProjController" classname="App.tests.Controller.testProjController" file="/home/kb/dbwebb-kurser/mvc/me/report/tests/Controller/ProjControllerTest.php" line="50" assertions="1" time="0.008887"/>
        <testcase name="testInit" class="App\tests\Controller\testProjController" classname="App.tests.Controller.testProjController" file="/home/kb/dbwebb-kurser/mvc/me/report/tests/Controller/ProjControllerTest.php" line="61" assertions="1" time="0.010862"/>
        <testcase name="testInitCallback" class="App\tests\Controller\testProjController" classname="App.tests.Controller.testProjController" file="/home/kb/dbwebb-kurser/mvc/me/report/tests/Controller/ProjControllerTest.php" line="72" assertions="1" time="0.010658"/>
      </testsuite>
      <testsuite name="App\Dice\DiceGraphicTest" file="/home/kb/dbwebb-kurser/mvc/me/report/tests/Dice/DiceGraphicTest.php" tests="1" assertions="2" errors="0" warnings="0" failures="0" skipped="0" time="0.000343">
        <testcase name="testCreateDiceGraphic" class="App\Dice\DiceGraphicTest" classname="App.Dice.DiceGraphicTest" file="/home/kb/dbwebb-kurser/mvc/me/report/tests/Dice/DiceGraphicTest.php" line="16" assertions="2" time="0.000343"/>
      </testsuite>
      <testsuite name="App\Dice\DiceHandTest" file="/home/kb/dbwebb-kurser/mvc/me/report/tests/Dice/DiceHandTest.php" tests="6" assertions="6" errors="0" warnings="0" failures="0" skipped="0" time="0.013238">
        <testcase name="testCreateDiceHand" class="App\Dice\DiceHandTest" classname="App.Dice.DiceHandTest" file="/home/kb/dbwebb-kurser/mvc/me/report/tests/Dice/DiceHandTest.php" line="16" assertions="1" time="0.000695"/>
        <testcase name="testgetValues" class="App\Dice\DiceHandTest" classname="App.Dice.DiceHandTest" file="/home/kb/dbwebb-kurser/mvc/me/report/tests/Dice/DiceHandTest.php" line="25" assertions="1" time="0.000358"/>
        <testcase name="testStubRollDiceLastRoll" class="App\Dice\DiceHandTest" classname="App.Dice.DiceHandTest" file="/home/kb/dbwebb-kurser/mvc/me/report/tests/Dice/DiceHandTest.php" line="38" assertions="1" time="0.011279"/>
        <testcase name="testGetNumberDices" class="App\Dice\DiceHandTest" classname="App.Dice.DiceHandTest" file="/home/kb/dbwebb-kurser/mvc/me/report/tests/Dice/DiceHandTest.php" line="55" assertions="1" time="0.000298"/>
        <testcase name="testRoll" class="App\Dice\DiceHandTest" classname="App.Dice.DiceHandTest" file="/home/kb/dbwebb-kurser/mvc/me/report/tests/Dice/DiceHandTest.php" line="70" assertions="1" time="0.000309"/>
        <testcase name="testGetString" class="App\Dice\DiceHandTest" classname="App.Dice.DiceHandTest" file="/home/kb/dbwebb-kurser/mvc/me/report/tests/Dice/DiceHandTest.php" line="86" assertions="1" time="0.000299"/>
      </testsuite>
      <testsuite name="App\Dice\DiceTest" file="/home/kb/dbwebb-kurser/mvc/me/report/tests/Dice/DiceTest.php" tests="3" assertions="4" errors="0" warnings="0" failures="0" skipped="0" time="0.001061">
        <testcase name="testCreateDice" class="App\Dice\DiceTest" classname="App.Dice.DiceTest" file="/home/kb/dbwebb-kurser/mvc/me/report/tests/Dice/DiceTest.php" line="16" assertions="2" time="0.000289"/>
        <testcase name="testStubRollDiceLastRoll" class="App\Dice\DiceTest" classname="App.Dice.DiceTest" file="/home/kb/dbwebb-kurser/mvc/me/report/tests/Dice/DiceTest.php" line="28" assertions="1" time="0.000485"/>
        <testcase name="testgetValue" class="App\Dice\DiceTest" classname="App.Dice.DiceTest" file="/home/kb/dbwebb-kurser/mvc/me/report/tests/Dice/DiceTest.php" line="42" assertions="1" time="0.000287"/>
      </testsuite>
      <testsuite name="App\Entity\BlackjackTest" file="/home/kb/dbwebb-kurser/mvc/me/report/tests/Entity/BlackjackTest.php" tests="4" assertions="4" errors="0" warnings="0" failures="0" skipped="0" time="0.001345">
        <testcase name="testCreateBlackjack" class="App\Entity\BlackjackTest" classname="App.Entity.BlackjackTest" file="/home/kb/dbwebb-kurser/mvc/me/report/tests/Entity/BlackjackTest.php" line="16" assertions="1" time="0.000362"/>
        <testcase name="testSetName" class="App\Entity\BlackjackTest" classname="App.Entity.BlackjackTest" file="/home/kb/dbwebb-kurser/mvc/me/report/tests/Entity/BlackjackTest.php" line="25" assertions="1" time="0.000370"/>
        <testcase name="testSetAccount" class="App\Entity\BlackjackTest" classname="App.Entity.BlackjackTest" file="/home/kb/dbwebb-kurser/mvc/me/report/tests/Entity/BlackjackTest.php" line="38" assertions="1" time="0.000307"/>
        <testcase name="testSetNumOfHands" class="App\Entity\BlackjackTest" classname="App.Entity.BlackjackTest" file="/home/kb/dbwebb-kurser/mvc/me/report/tests/Entity/BlackjackTest.php" line="52" assertions="1" time="0.000306"/>
      </testsuite>
      <testsuite name="App\Entity\GameTest" file="/home/kb/dbwebb-kurser/mvc/me/report/tests/Entity/GameTest.php" tests="7" assertions="7" errors="0" warnings="0" failures="0" skipped="0" time="0.003255">
        <testcase name="testCreateBlackjack" class="App\Entity\GameTest" classname="App.Entity.GameTest" file="/home/kb/dbwebb-kurser/mvc/me/report/tests/Entity/GameTest.php" line="16" assertions="1" time="0.001143"/>
        <testcase name="testGetId" class="App\Entity\GameTest" classname="App.Entity.GameTest" file="/home/kb/dbwebb-kurser/mvc/me/report/tests/Entity/GameTest.php" line="25" assertions="1" time="0.000657"/>
        <testcase name="testPlayerId" class="App\Entity\GameTest" classname="App.Entity.GameTest" file="/home/kb/dbwebb-kurser/mvc/me/report/tests/Entity/GameTest.php" line="36" assertions="1" time="0.000334"/>
        <testcase name="testBankHand" class="App\Entity\GameTest" classname="App.Entity.GameTest" file="/home/kb/dbwebb-kurser/mvc/me/report/tests/Entity/GameTest.php" line="49" assertions="1" time="0.000307"/>
        <testcase name="testPlayerHandOne" class="App\Entity\GameTest" classname="App.Entity.GameTest" file="/home/kb/dbwebb-kurser/mvc/me/report/tests/Entity/GameTest.php" line="62" assertions="1" time="0.000267"/>
        <testcase name="testPlayerHandTwo" class="App\Entity\GameTest" classname="App.Entity.GameTest" file="/home/kb/dbwebb-kurser/mvc/me/report/tests/Entity/GameTest.php" line="75" assertions="1" time="0.000266"/>
        <testcase name="testPlayerHandThree" class="App\Entity\GameTest" classname="App.Entity.GameTest" file="/home/kb/dbwebb-kurser/mvc/me/report/tests/Entity/GameTest.php" line="88" assertions="1" time="0.000281"/>
      </testsuite>
    </testsuite>
  </testsuite>
</testsuites>
