<?xml version="1.0" encoding="UTF-8"?>
<testsuites>
  <testsuite name="" tests="66" assertions="104" errors="0" warnings="0" failures="0" skipped="0" time="0.430090">
    <testsuite name="Project Test Suite" tests="66" assertions="104" errors="0" warnings="0" failures="0" skipped="0" time="0.430090">
      <testsuite name="App\Card\CardGraphicTest" file="/home/kb/dbwebb-kurser/mvc/me/report/tests/Card/CardGraphicTest.php" tests="5" assertions="21" errors="0" warnings="0" failures="0" skipped="0" time="0.008531">
        <testcase name="testcardAsString" class="App\Card\CardGraphicTest" classname="App.Card.CardGraphicTest" file="/home/kb/dbwebb-kurser/mvc/me/report/tests/Card/CardGraphicTest.php" line="15" assertions="1" time="0.006150"/>
        <testcase name="testGetGraphicSuit" class="App\Card\CardGraphicTest" classname="App.Card.CardGraphicTest" file="/home/kb/dbwebb-kurser/mvc/me/report/tests/Card/CardGraphicTest.php" line="25" assertions="5" time="0.000340"/>
        <testcase name="testGetGraphicSuitEquals" class="App\Card\CardGraphicTest" classname="App.Card.CardGraphicTest" file="/home/kb/dbwebb-kurser/mvc/me/report/tests/Card/CardGraphicTest.php" line="50" assertions="5" time="0.001189"/>
        <testcase name="testGetAsString" class="App\Card\CardGraphicTest" classname="App.Card.CardGraphicTest" file="/home/kb/dbwebb-kurser/mvc/me/report/tests/Card/CardGraphicTest.php" line="81" assertions="5" time="0.000495"/>
        <testcase name="testGetValue" class="App\Card\CardGraphicTest" classname="App.Card.CardGraphicTest" file="/home/kb/dbwebb-kurser/mvc/me/report/tests/Card/CardGraphicTest.php" line="111" assertions="5" time="0.000355"/>
      </testsuite>
      <testsuite name="App\Card\CardTest" file="/home/kb/dbwebb-kurser/mvc/me/report/tests/Card/CardTest.php" tests="3" assertions="7" errors="0" warnings="0" failures="0" skipped="0" time="0.001192">
        <testcase name="testCreateCard" class="App\Card\CardTest" classname="App.Card.CardTest" file="/home/kb/dbwebb-kurser/mvc/me/report/tests/Card/CardTest.php" line="16" assertions="1" time="0.000652"/>
        <testcase name="testGetValue" class="App\Card\CardTest" classname="App.Card.CardTest" file="/home/kb/dbwebb-kurser/mvc/me/report/tests/Card/CardTest.php" line="25" assertions="5" time="0.000297"/>
        <testcase name="testGetSuit" class="App\Card\CardTest" classname="App.Card.CardTest" file="/home/kb/dbwebb-kurser/mvc/me/report/tests/Card/CardTest.php" line="50" assertions="1" time="0.000242"/>
      </testsuite>
      <testsuite name="App\Card\DeckOfCardsTest" file="/home/kb/dbwebb-kurser/mvc/me/report/tests/Card/DeckOfCardsTest.php" tests="8" assertions="11" errors="0" warnings="0" failures="0" skipped="0" time="0.005711">
        <testcase name="testCreateCard" class="App\Card\DeckOfCardsTest" classname="App.Card.DeckOfCardsTest" file="/home/kb/dbwebb-kurser/mvc/me/report/tests/Card/DeckOfCardsTest.php" line="16" assertions="1" time="0.001078"/>
        <testcase name="testGetDeck" class="App\Card\DeckOfCardsTest" classname="App.Card.DeckOfCardsTest" file="/home/kb/dbwebb-kurser/mvc/me/report/tests/Card/DeckOfCardsTest.php" line="25" assertions="2" time="0.000366"/>
        <testcase name="testShuffle" class="App\Card\DeckOfCardsTest" classname="App.Card.DeckOfCardsTest" file="/home/kb/dbwebb-kurser/mvc/me/report/tests/Card/DeckOfCardsTest.php" line="38" assertions="3" time="0.002087"/>
        <testcase name="testDraw" class="App\Card\DeckOfCardsTest" classname="App.Card.DeckOfCardsTest" file="/home/kb/dbwebb-kurser/mvc/me/report/tests/Card/DeckOfCardsTest.php" line="52" assertions="1" time="0.000330"/>
        <testcase name="testGetLast" class="App\Card\DeckOfCardsTest" classname="App.Card.DeckOfCardsTest" file="/home/kb/dbwebb-kurser/mvc/me/report/tests/Card/DeckOfCardsTest.php" line="63" assertions="1" time="0.000448"/>
        <testcase name="testGetSuit" class="App\Card\DeckOfCardsTest" classname="App.Card.DeckOfCardsTest" file="/home/kb/dbwebb-kurser/mvc/me/report/tests/Card/DeckOfCardsTest.php" line="74" assertions="1" time="0.000466"/>
        <testcase name="testCardCount" class="App\Card\DeckOfCardsTest" classname="App.Card.DeckOfCardsTest" file="/home/kb/dbwebb-kurser/mvc/me/report/tests/Card/DeckOfCardsTest.php" line="85" assertions="1" time="0.000498"/>
        <testcase name="testGetAsString" class="App\Card\DeckOfCardsTest" classname="App.Card.DeckOfCardsTest" file="/home/kb/dbwebb-kurser/mvc/me/report/tests/Card/DeckOfCardsTest.php" line="96" assertions="1" time="0.000437"/>
      </testsuite>
      <testsuite name="App\Card\Play21Test" file="/home/kb/dbwebb-kurser/mvc/me/report/tests/Card/Play21Test.php" tests="28" assertions="35" errors="0" warnings="0" failures="0" skipped="0" time="0.013793">
        <testcase name="testCreateGame" class="App\Card\Play21Test" classname="App.Card.Play21Test" file="/home/kb/dbwebb-kurser/mvc/me/report/tests/Card/Play21Test.php" line="18" assertions="5" time="0.001847"/>
        <testcase name="testGetBankScore" class="App\Card\Play21Test" classname="App.Card.Play21Test" file="/home/kb/dbwebb-kurser/mvc/me/report/tests/Card/Play21Test.php" line="37" assertions="1" time="0.000519"/>
        <testcase name="testSetBankScore" class="App\Card\Play21Test" classname="App.Card.Play21Test" file="/home/kb/dbwebb-kurser/mvc/me/report/tests/Card/Play21Test.php" line="48" assertions="1" time="0.000424"/>
        <testcase name="testGetPlayerScore" class="App\Card\Play21Test" classname="App.Card.Play21Test" file="/home/kb/dbwebb-kurser/mvc/me/report/tests/Card/Play21Test.php" line="59" assertions="1" time="0.000404"/>
        <testcase name="testSetPlayerScore" class="App\Card\Play21Test" classname="App.Card.Play21Test" file="/home/kb/dbwebb-kurser/mvc/me/report/tests/Card/Play21Test.php" line="70" assertions="1" time="0.000483"/>
        <testcase name="testGetBankRounds" class="App\Card\Play21Test" classname="App.Card.Play21Test" file="/home/kb/dbwebb-kurser/mvc/me/report/tests/Card/Play21Test.php" line="81" assertions="1" time="0.000472"/>
        <testcase name="testSetBankRounds" class="App\Card\Play21Test" classname="App.Card.Play21Test" file="/home/kb/dbwebb-kurser/mvc/me/report/tests/Card/Play21Test.php" line="93" assertions="1" time="0.000433"/>
        <testcase name="testGetPlayerRounds" class="App\Card\Play21Test" classname="App.Card.Play21Test" file="/home/kb/dbwebb-kurser/mvc/me/report/tests/Card/Play21Test.php" line="106" assertions="1" time="0.000414"/>
        <testcase name="testSetPlayerRounds" class="App\Card\Play21Test" classname="App.Card.Play21Test" file="/home/kb/dbwebb-kurser/mvc/me/report/tests/Card/Play21Test.php" line="118" assertions="1" time="0.000436"/>
        <testcase name="testGetDeck" class="App\Card\Play21Test" classname="App.Card.Play21Test" file="/home/kb/dbwebb-kurser/mvc/me/report/tests/Card/Play21Test.php" line="132" assertions="1" time="0.000433"/>
        <testcase name="testGetRounds" class="App\Card\Play21Test" classname="App.Card.Play21Test" file="/home/kb/dbwebb-kurser/mvc/me/report/tests/Card/Play21Test.php" line="143" assertions="1" time="0.000413"/>
        <testcase name="testSetRounds" class="App\Card\Play21Test" classname="App.Card.Play21Test" file="/home/kb/dbwebb-kurser/mvc/me/report/tests/Card/Play21Test.php" line="155" assertions="1" time="0.000411"/>
        <testcase name="testDraw" class="App\Card\Play21Test" classname="App.Card.Play21Test" file="/home/kb/dbwebb-kurser/mvc/me/report/tests/Card/Play21Test.php" line="168" assertions="1" time="0.000410"/>
        <testcase name="testPlayerHand" class="App\Card\Play21Test" classname="App.Card.Play21Test" file="/home/kb/dbwebb-kurser/mvc/me/report/tests/Card/Play21Test.php" line="179" assertions="1" time="0.000406"/>
        <testcase name="testPlayerDraw" class="App\Card\Play21Test" classname="App.Card.Play21Test" file="/home/kb/dbwebb-kurser/mvc/me/report/tests/Card/Play21Test.php" line="190" assertions="1" time="0.000434"/>
        <testcase name="testBankHand" class="App\Card\Play21Test" classname="App.Card.Play21Test" file="/home/kb/dbwebb-kurser/mvc/me/report/tests/Card/Play21Test.php" line="201" assertions="1" time="0.000432"/>
        <testcase name="testBankDraw" class="App\Card\Play21Test" classname="App.Card.Play21Test" file="/home/kb/dbwebb-kurser/mvc/me/report/tests/Card/Play21Test.php" line="212" assertions="1" time="0.000431"/>
        <testcase name="testClearHands" class="App\Card\Play21Test" classname="App.Card.Play21Test" file="/home/kb/dbwebb-kurser/mvc/me/report/tests/Card/Play21Test.php" line="223" assertions="4" time="0.000490"/>
        <testcase name="testPlayerWinnsBy21" class="App\Card\Play21Test" classname="App.Card.Play21Test" file="/home/kb/dbwebb-kurser/mvc/me/report/tests/Card/Play21Test.php" line="247" assertions="1" time="0.000483"/>
        <testcase name="testPlayerOver21" class="App\Card\Play21Test" classname="App.Card.Play21Test" file="/home/kb/dbwebb-kurser/mvc/me/report/tests/Card/Play21Test.php" line="262" assertions="1" time="0.000506"/>
        <testcase name="testPlayerAndBankIsEqual" class="App\Card\Play21Test" classname="App.Card.Play21Test" file="/home/kb/dbwebb-kurser/mvc/me/report/tests/Card/Play21Test.php" line="277" assertions="1" time="0.000471"/>
        <testcase name="testBankWinnsBy21" class="App\Card\Play21Test" classname="App.Card.Play21Test" file="/home/kb/dbwebb-kurser/mvc/me/report/tests/Card/Play21Test.php" line="292" assertions="1" time="0.000441"/>
        <testcase name="testBankOver21" class="App\Card\Play21Test" classname="App.Card.Play21Test" file="/home/kb/dbwebb-kurser/mvc/me/report/tests/Card/Play21Test.php" line="307" assertions="1" time="0.000442"/>
        <testcase name="testBankHigherThanPlayerAndLowerThan21" class="App\Card\Play21Test" classname="App.Card.Play21Test" file="/home/kb/dbwebb-kurser/mvc/me/report/tests/Card/Play21Test.php" line="322" assertions="1" time="0.000434"/>
        <testcase name="testBustOrWinnPlayer21" class="App\Card\Play21Test" classname="App.Card.Play21Test" file="/home/kb/dbwebb-kurser/mvc/me/report/tests/Card/Play21Test.php" line="337" assertions="1" time="0.000433"/>
        <testcase name="testBustOrWinnPlayerOver21" class="App\Card\Play21Test" classname="App.Card.Play21Test" file="/home/kb/dbwebb-kurser/mvc/me/report/tests/Card/Play21Test.php" line="352" assertions="1" time="0.000430"/>
        <testcase name="testBustOrWinnBank21" class="App\Card\Play21Test" classname="App.Card.Play21Test" file="/home/kb/dbwebb-kurser/mvc/me/report/tests/Card/Play21Test.php" line="367" assertions="1" time="0.000433"/>
        <testcase name="testBustOrWinnBankOver21" class="App\Card\Play21Test" classname="App.Card.Play21Test" file="/home/kb/dbwebb-kurser/mvc/me/report/tests/Card/Play21Test.php" line="382" assertions="1" time="0.000430"/>
      </testsuite>
      <testsuite name="App\tests\Controller\testGame21Controller" file="/home/kb/dbwebb-kurser/mvc/me/report/tests/Controller/Card21ControllerTest.php" tests="2" assertions="4" errors="0" warnings="0" failures="0" skipped="0" time="0.221541">
        <testcase name="testHome21" class="App\tests\Controller\testGame21Controller" classname="App.tests.Controller.testGame21Controller" file="/home/kb/dbwebb-kurser/mvc/me/report/tests/Controller/Card21ControllerTest.php" line="16" assertions="3" time="0.209100"/>
        <testcase name="testDoc21" class="App\tests\Controller\testGame21Controller" classname="App.tests.Controller.testGame21Controller" file="/home/kb/dbwebb-kurser/mvc/me/report/tests/Controller/Card21ControllerTest.php" line="28" assertions="1" time="0.012441"/>
      </testsuite>
      <testsuite name="App\tests\Controller\testGameController" file="/home/kb/dbwebb-kurser/mvc/me/report/tests/Controller/CardControllerTest.php" tests="6" assertions="8" errors="0" warnings="0" failures="0" skipped="0" time="0.107726">
        <testcase name="testHome" class="App\tests\Controller\testGameController" classname="App.tests.Controller.testGameController" file="/home/kb/dbwebb-kurser/mvc/me/report/tests/Controller/CardControllerTest.php" line="14" assertions="3" time="0.013865"/>
        <testcase name="testTest" class="App\tests\Controller\testGameController" classname="App.tests.Controller.testGameController" file="/home/kb/dbwebb-kurser/mvc/me/report/tests/Controller/CardControllerTest.php" line="26" assertions="1" time="0.012254"/>
        <testcase name="testPlay" class="App\tests\Controller\testGameController" classname="App.tests.Controller.testGameController" file="/home/kb/dbwebb-kurser/mvc/me/report/tests/Controller/CardControllerTest.php" line="32" assertions="1" time="0.012038"/>
        <testcase name="testSessionDestroy" class="App\tests\Controller\testGameController" classname="App.tests.Controller.testGameController" file="/home/kb/dbwebb-kurser/mvc/me/report/tests/Controller/CardControllerTest.php" line="38" assertions="1" time="0.010366"/>
        <testcase name="testDeck" class="App\tests\Controller\testGameController" classname="App.tests.Controller.testGameController" file="/home/kb/dbwebb-kurser/mvc/me/report/tests/Controller/CardControllerTest.php" line="44" assertions="1" time="0.028005"/>
        <testcase name="testShuffle" class="App\tests\Controller\testGameController" classname="App.tests.Controller.testGameController" file="/home/kb/dbwebb-kurser/mvc/me/report/tests/Controller/CardControllerTest.php" line="50" assertions="1" time="0.031197"/>
      </testsuite>
      <testsuite name="App\tests\Controller\testDiceGameController" file="/home/kb/dbwebb-kurser/mvc/me/report/tests/Controller/DiceGameControllerTest.php" tests="4" assertions="6" errors="0" warnings="0" failures="0" skipped="0" time="0.056169">
        <testcase name="testHome" class="App\tests\Controller\testDiceGameController" classname="App.tests.Controller.testDiceGameController" file="/home/kb/dbwebb-kurser/mvc/me/report/tests/Controller/DiceGameControllerTest.php" line="14" assertions="3" time="0.014769"/>
        <testcase name="testTestRollDice" class="App\tests\Controller\testDiceGameController" classname="App.tests.Controller.testDiceGameController" file="/home/kb/dbwebb-kurser/mvc/me/report/tests/Controller/DiceGameControllerTest.php" line="24" assertions="1" time="0.018079"/>
        <testcase name="testTestRollDices" class="App\tests\Controller\testDiceGameController" classname="App.tests.Controller.testDiceGameController" file="/home/kb/dbwebb-kurser/mvc/me/report/tests/Controller/DiceGameControllerTest.php" line="30" assertions="1" time="0.012065"/>
        <testcase name="testInitCallback" class="App\tests\Controller\testDiceGameController" classname="App.tests.Controller.testDiceGameController" file="/home/kb/dbwebb-kurser/mvc/me/report/tests/Controller/DiceGameControllerTest.php" line="36" assertions="1" time="0.011256"/>
      </testsuite>
      <testsuite name="App\Dice\DiceGraphicTest" file="/home/kb/dbwebb-kurser/mvc/me/report/tests/Dice/DiceGraphicTest.php" tests="1" assertions="2" errors="0" warnings="0" failures="0" skipped="0" time="0.000710">
        <testcase name="testCreateDiceGraphic" class="App\Dice\DiceGraphicTest" classname="App.Dice.DiceGraphicTest" file="/home/kb/dbwebb-kurser/mvc/me/report/tests/Dice/DiceGraphicTest.php" line="16" assertions="2" time="0.000710"/>
      </testsuite>
      <testsuite name="App\Dice\DiceHandTest" file="/home/kb/dbwebb-kurser/mvc/me/report/tests/Dice/DiceHandTest.php" tests="6" assertions="6" errors="0" warnings="0" failures="0" skipped="0" time="0.013643">
        <testcase name="testCreateDiceHand" class="App\Dice\DiceHandTest" classname="App.Dice.DiceHandTest" file="/home/kb/dbwebb-kurser/mvc/me/report/tests/Dice/DiceHandTest.php" line="16" assertions="1" time="0.000790"/>
        <testcase name="testgetValues" class="App\Dice\DiceHandTest" classname="App.Dice.DiceHandTest" file="/home/kb/dbwebb-kurser/mvc/me/report/tests/Dice/DiceHandTest.php" line="25" assertions="1" time="0.000288"/>
        <testcase name="testStubRollDiceLastRoll" class="App\Dice\DiceHandTest" classname="App.Dice.DiceHandTest" file="/home/kb/dbwebb-kurser/mvc/me/report/tests/Dice/DiceHandTest.php" line="38" assertions="1" time="0.011636"/>
        <testcase name="testGetNumberDices" class="App\Dice\DiceHandTest" classname="App.Dice.DiceHandTest" file="/home/kb/dbwebb-kurser/mvc/me/report/tests/Dice/DiceHandTest.php" line="55" assertions="1" time="0.000289"/>
        <testcase name="testRoll" class="App\Dice\DiceHandTest" classname="App.Dice.DiceHandTest" file="/home/kb/dbwebb-kurser/mvc/me/report/tests/Dice/DiceHandTest.php" line="70" assertions="1" time="0.000318"/>
        <testcase name="testGetString" class="App\Dice\DiceHandTest" classname="App.Dice.DiceHandTest" file="/home/kb/dbwebb-kurser/mvc/me/report/tests/Dice/DiceHandTest.php" line="86" assertions="1" time="0.000323"/>
      </testsuite>
      <testsuite name="App\Dice\DiceTest" file="/home/kb/dbwebb-kurser/mvc/me/report/tests/Dice/DiceTest.php" tests="3" assertions="4" errors="0" warnings="0" failures="0" skipped="0" time="0.001075">
        <testcase name="testCreateDice" class="App\Dice\DiceTest" classname="App.Dice.DiceTest" file="/home/kb/dbwebb-kurser/mvc/me/report/tests/Dice/DiceTest.php" line="16" assertions="2" time="0.000309"/>
        <testcase name="testStubRollDiceLastRoll" class="App\Dice\DiceTest" classname="App.Dice.DiceTest" file="/home/kb/dbwebb-kurser/mvc/me/report/tests/Dice/DiceTest.php" line="28" assertions="1" time="0.000458"/>
        <testcase name="testgetValue" class="App\Dice\DiceTest" classname="App.Dice.DiceTest" file="/home/kb/dbwebb-kurser/mvc/me/report/tests/Dice/DiceTest.php" line="42" assertions="1" time="0.000308"/>
      </testsuite>
    </testsuite>
  </testsuite>
</testsuites>
